  [1m[36m (1.7ms)[0m  [1mCREATE TABLE "schema_migrations" ("version" varchar NOT NULL) [0m
  [1m[35m (0.1ms)[0m  select sqlite_version(*)
  [1m[36m (1.6ms)[0m  [1mCREATE UNIQUE INDEX "unique_schema_migrations" ON "schema_migrations" ("version")[0m
  [1m[35mActiveRecord::SchemaMigration Load (0.1ms)[0m  SELECT "schema_migrations".* FROM "schema_migrations"


Started GET "/" for ::1 at 2015-11-17 17:47:54 -0600
Processing by Rails::WelcomeController#index as HTML
  Rendered /Users/admin/.rvm/gems/ruby-2.1.2/gems/railties-4.2.3/lib/rails/templates/rails/welcome/index.html.erb (2.8ms)
Completed 200 OK in 27ms (Views: 19.4ms | ActiveRecord: 0.0ms)
  [1m[36mActiveRecord::SchemaMigration Load (0.1ms)[0m  [1mSELECT "schema_migrations".* FROM "schema_migrations"[0m
Migrating to CreateStudents (1)
  [1m[35m (0.1ms)[0m  begin transaction
  [1m[36m (0.4ms)[0m  [1mCREATE TABLE "students" ("id" INTEGER PRIMARY KEY AUTOINCREMENT NOT NULL, "first_name" varchar, "last_name" varchar, "created_at" datetime NOT NULL, "updated_at" datetime NOT NULL) [0m
  [1m[35mSQL (0.3ms)[0m  INSERT INTO "schema_migrations" ("version") VALUES (?)  [["version", "1"]]
  [1m[36m (1.4ms)[0m  [1mcommit transaction[0m
  [1m[35mActiveRecord::SchemaMigration Load (0.1ms)[0m  SELECT "schema_migrations".* FROM "schema_migrations"
  [1m[36m (0.1ms)[0m  [1mbegin transaction[0m
  [1m[35mSQL (0.3ms)[0m  INSERT INTO "students" ("first_name", "last_name", "created_at", "updated_at") VALUES (?, ?, ?, ?)  [["first_name", "Jordan"], ["last_name", "Hudgens"], ["created_at", "2015-11-18 00:10:55.545365"], ["updated_at", "2015-11-18 00:10:55.545365"]]
  [1m[36m (2.9ms)[0m  [1mcommit transaction[0m
  [1m[35mStudent Load (0.2ms)[0m  SELECT  "students".* FROM "students"  ORDER BY "students"."id" DESC LIMIT 1
  [1m[36m (0.1ms)[0m  [1mbegin transaction[0m
  [1m[35mSQL (0.3ms)[0m  INSERT INTO "students" ("created_at", "updated_at") VALUES (?, ?)  [["created_at", "2015-11-18 00:17:49.095449"], ["updated_at", "2015-11-18 00:17:49.095449"]]
  [1m[36m (1.2ms)[0m  [1mcommit transaction[0m
  [1m[35mStudent Load (0.2ms)[0m  SELECT  "students".* FROM "students"  ORDER BY "students"."id" DESC LIMIT 1
  [1m[36mActiveRecord::SchemaMigration Load (0.1ms)[0m  [1mSELECT "schema_migrations".* FROM "schema_migrations"[0m
  [1m[35mActiveRecord::SchemaMigration Load (0.1ms)[0m  SELECT "schema_migrations".* FROM "schema_migrations"


Started GET "/" for ::1 at 2015-11-18 13:36:42 -0600
  [1m[36mActiveRecord::SchemaMigration Load (0.1ms)[0m  [1mSELECT "schema_migrations".* FROM "schema_migrations"[0m
Processing by Rails::WelcomeController#index as HTML
  Rendered /Users/admin/.rvm/gems/ruby-2.1.2/gems/railties-4.2.3/lib/rails/templates/rails/welcome/index.html.erb (2.4ms)
Completed 200 OK in 39ms (Views: 24.5ms | ActiveRecord: 0.0ms)


Started GET "/" for ::1 at 2015-11-18 13:37:10 -0600
Processing by Rails::WelcomeController#index as HTML
  Rendered /Users/admin/.rvm/gems/ruby-2.1.2/gems/railties-4.2.3/lib/rails/templates/rails/welcome/index.html.erb (0.0ms)
Completed 200 OK in 1ms (Views: 0.7ms | ActiveRecord: 0.0ms)
  [1m[36mActiveRecord::SchemaMigration Load (0.5ms)[0m  [1mSELECT "schema_migrations".* FROM "schema_migrations"[0m
  [1m[35mActiveRecord::SchemaMigration Load (0.1ms)[0m  SELECT "schema_migrations".* FROM "schema_migrations"
  [1m[36mStudent Load (0.4ms)[0m  [1mSELECT  "students".* FROM "students"  ORDER BY "students"."id" DESC LIMIT 1[0m
  [1m[35mStudent Load (0.2ms)[0m  SELECT  "students".* FROM "students"  ORDER BY "students"."id" DESC LIMIT 1
  [1m[36m (0.1ms)[0m  [1mbegin transaction[0m
  [1m[35mSQL (0.6ms)[0m  DELETE FROM "students" WHERE "students"."id" = ?  [["id", 2]]
  [1m[36m (1.6ms)[0m  [1mcommit transaction[0m
  [1m[35mStudent Load (0.2ms)[0m  SELECT "students".* FROM "students"
  [1m[35m (1.1ms)[0m  [1m[35mCREATE TABLE "ar_internal_metadata" ("key" varchar NOT NULL PRIMARY KEY, "value" varchar, "created_at" datetime NOT NULL, "updated_at" datetime NOT NULL)[0m
  [1m[36mActiveRecord::SchemaMigration Load (0.1ms)[0m  [1m[34mSELECT "schema_migrations".* FROM "schema_migrations"[0m
Migrating to CreateSchoolClasses (20200226231422)
  [1m[35m (0.0ms)[0m  [1m[36mbegin transaction[0m
  [1m[35m (0.4ms)[0m  [1m[35mCREATE TABLE "school_classes" ("id" INTEGER PRIMARY KEY AUTOINCREMENT NOT NULL, "title" varchar, "room_number" integer, "created_at" datetime NOT NULL, "updated_at" datetime NOT NULL)[0m
  [1m[35mSQL (0.2ms)[0m  [1m[32mINSERT INTO "schema_migrations" ("version") VALUES (?)[0m  [["version", "20200226231422"]]
  [1m[35m (0.8ms)[0m  [1m[36mcommit transaction[0m
  [1m[36mActiveRecord::InternalMetadata Load (0.1ms)[0m  [1m[34mSELECT  "ar_internal_metadata".* FROM "ar_internal_metadata" WHERE "ar_internal_metadata"."key" = ? LIMIT ?[0m  [["key", "environment"], ["LIMIT", 1]]
  [1m[35m (0.1ms)[0m  [1m[36mbegin transaction[0m
  [1m[35mSQL (0.3ms)[0m  [1m[32mINSERT INTO "ar_internal_metadata" ("key", "value", "created_at", "updated_at") VALUES (?, ?, ?, ?)[0m  [["key", "environment"], ["value", "development"], ["created_at", "2020-02-26 23:48:33.525517"], ["updated_at", "2020-02-26 23:48:33.525517"]]
  [1m[35m (0.7ms)[0m  [1m[36mcommit transaction[0m
  [1m[36mActiveRecord::SchemaMigration Load (0.1ms)[0m  [1m[34mSELECT "schema_migrations".* FROM "schema_migrations"[0m
  [1m[36mActiveRecord::SchemaMigration Load (0.1ms)[0m  [1m[34mSELECT "schema_migrations".* FROM "schema_migrations"[0m
  [1m[36mActiveRecord::InternalMetadata Load (0.1ms)[0m  [1m[34mSELECT  "ar_internal_metadata".* FROM "ar_internal_metadata" WHERE "ar_internal_metadata"."key" = ? LIMIT ?[0m  [["key", "environment"], ["LIMIT", 1]]
  [1m[35m (0.0ms)[0m  [1m[36mbegin transaction[0m
  [1m[35m (0.0ms)[0m  [1m[36mcommit transaction[0m
  [1m[36mActiveRecord::SchemaMigration Load (0.0ms)[0m  [1m[34mSELECT "schema_migrations".* FROM "schema_migrations"[0m
Started GET "/students/new" for ::1 at 2020-02-26 21:41:41 -0500
  [1m[36mActiveRecord::SchemaMigration Load (0.1ms)[0m  [1m[34mSELECT "schema_migrations".* FROM "schema_migrations"[0m
Processing by StudentsController#new as HTML
  Rendering students/new.html.erb within layouts/application
  Rendered students/new.html.erb within layouts/application (2.1ms)
Completed 500 Internal Server Error in 10ms (ActiveRecord: 0.0ms)


  
ActionView::Template::Error (First argument in form cannot contain nil or be empty):
    1: <h1>New Student</h1>
    2: 
    3: <%= form_for @student do |f| %>
    4: <%= f.label 'first_name' %>
    5: <%= f.text_field 'first_name' %>
    6: 
  
app/views/students/new.html.erb:3:in `_app_views_students_new_html_erb___436761858451624846_70235385015200'
  Rendering /Users/Brian/.rvm/gems/ruby-2.6.1/gems/actionpack-5.0.7.1/lib/action_dispatch/middleware/templates/rescues/template_error.html.erb within rescues/layout
  Rendering /Users/Brian/.rvm/gems/ruby-2.6.1/gems/actionpack-5.0.7.1/lib/action_dispatch/middleware/templates/rescues/_source.html.erb
  Rendered /Users/Brian/.rvm/gems/ruby-2.6.1/gems/actionpack-5.0.7.1/lib/action_dispatch/middleware/templates/rescues/_source.html.erb (2.4ms)
  Rendering /Users/Brian/.rvm/gems/ruby-2.6.1/gems/actionpack-5.0.7.1/lib/action_dispatch/middleware/templates/rescues/_trace.html.erb
  Rendered /Users/Brian/.rvm/gems/ruby-2.6.1/gems/actionpack-5.0.7.1/lib/action_dispatch/middleware/templates/rescues/_trace.html.erb (1.1ms)
  Rendering /Users/Brian/.rvm/gems/ruby-2.6.1/gems/actionpack-5.0.7.1/lib/action_dispatch/middleware/templates/rescues/_request_and_response.html.erb
  Rendered /Users/Brian/.rvm/gems/ruby-2.6.1/gems/actionpack-5.0.7.1/lib/action_dispatch/middleware/templates/rescues/_request_and_response.html.erb (0.5ms)
  Rendered /Users/Brian/.rvm/gems/ruby-2.6.1/gems/actionpack-5.0.7.1/lib/action_dispatch/middleware/templates/rescues/template_error.html.erb within rescues/layout (18.4ms)
Started GET "/students/new" for ::1 at 2020-02-26 21:44:00 -0500
Processing by StudentsController#new as HTML
  Rendering students/new.html.erb within layouts/application
  Rendered students/new.html.erb within layouts/application (14.4ms)
Completed 200 OK in 324ms (Views: 322.8ms | ActiveRecord: 0.5ms)


Started POST "/students" for ::1 at 2020-02-26 21:44:05 -0500
Processing by StudentsController#create as HTML
  Parameters: {"utf8"=>"✓", "authenticity_token"=>"ioeSvsvbFzzJRqG1rBvnmOmN//UNKaK4fMJ1v8HCI8NOWNx0XxRtwLpDsXrp398/0ctBCUlOyfTLujno0gn+bA==", "student"=>{"first_name"=>"stu", "last_name"=>"dent"}, "commit"=>"Submit"}
  [1m[35m (0.1ms)[0m  [1m[36mbegin transaction[0m
  [1m[35mSQL (0.4ms)[0m  [1m[32mINSERT INTO "students" ("first_name", "last_name", "created_at", "updated_at") VALUES (?, ?, ?, ?)[0m  [["first_name", "stu"], ["last_name", "dent"], ["created_at", "2020-02-27 02:44:05.918536"], ["updated_at", "2020-02-27 02:44:05.918536"]]
  [1m[35m (0.8ms)[0m  [1m[36mcommit transaction[0m
Redirected to http://localhost:3000/students/3
Completed 302 Found in 4ms (ActiveRecord: 1.2ms)


Started GET "/students/3" for ::1 at 2020-02-26 21:44:05 -0500
Processing by StudentsController#show as HTML
  Parameters: {"id"=>"3"}
  Rendering students/show.html.erb within layouts/application
  Rendered students/show.html.erb within layouts/application (0.4ms)
Completed 200 OK in 11ms (Views: 10.7ms | ActiveRecord: 0.0ms)


Started GET "/students/3" for ::1 at 2020-02-26 22:06:33 -0500
Processing by StudentsController#show as HTML
  Parameters: {"id"=>"3"}
  Rendering students/show.html.erb within layouts/application
  Rendered students/show.html.erb within layouts/application (0.3ms)
Completed 200 OK in 36ms (Views: 35.1ms | ActiveRecord: 0.0ms)


Started GET "/students/3" for ::1 at 2020-02-26 22:32:25 -0500
Processing by StudentsController#show as HTML
  Parameters: {"id"=>"3"}
  Rendering students/show.html.erb within layouts/application
  Rendered students/show.html.erb within layouts/application (0.3ms)
Completed 200 OK in 40ms (Views: 39.0ms | ActiveRecord: 0.0ms)


Started GET "/students/3" for ::1 at 2020-02-26 22:50:52 -0500
Processing by StudentsController#show as HTML
  Parameters: {"id"=>"3"}
  [1m[36mStudent Load (0.1ms)[0m  [1m[34mSELECT  "students".* FROM "students" WHERE "students"."id" = ? LIMIT ?[0m  [["id", nil], ["LIMIT", 1]]
Completed 404 Not Found in 16ms (ActiveRecord: 0.5ms)


  
ActiveRecord::RecordNotFound (Couldn't find Student with 'id'={:id=>"3"}):
  
app/controllers/students_controller.rb:10:in `show'
  Rendering /Users/Brian/.rvm/gems/ruby-2.6.1/gems/actionpack-5.0.7.1/lib/action_dispatch/middleware/templates/rescues/diagnostics.html.erb within rescues/layout
  Rendering /Users/Brian/.rvm/gems/ruby-2.6.1/gems/actionpack-5.0.7.1/lib/action_dispatch/middleware/templates/rescues/_source.html.erb
  Rendered /Users/Brian/.rvm/gems/ruby-2.6.1/gems/actionpack-5.0.7.1/lib/action_dispatch/middleware/templates/rescues/_source.html.erb (2.1ms)
  Rendering /Users/Brian/.rvm/gems/ruby-2.6.1/gems/actionpack-5.0.7.1/lib/action_dispatch/middleware/templates/rescues/_trace.html.erb
  Rendered /Users/Brian/.rvm/gems/ruby-2.6.1/gems/actionpack-5.0.7.1/lib/action_dispatch/middleware/templates/rescues/_trace.html.erb (0.9ms)
  Rendering /Users/Brian/.rvm/gems/ruby-2.6.1/gems/actionpack-5.0.7.1/lib/action_dispatch/middleware/templates/rescues/_request_and_response.html.erb
  Rendered /Users/Brian/.rvm/gems/ruby-2.6.1/gems/actionpack-5.0.7.1/lib/action_dispatch/middleware/templates/rescues/_request_and_response.html.erb (0.6ms)
  Rendered /Users/Brian/.rvm/gems/ruby-2.6.1/gems/actionpack-5.0.7.1/lib/action_dispatch/middleware/templates/rescues/diagnostics.html.erb within rescues/layout (11.2ms)
Started GET "/students/3" for ::1 at 2020-02-26 22:51:07 -0500
Processing by StudentsController#show as HTML
  Parameters: {"id"=>"3"}
  [1m[36mStudent Load (0.1ms)[0m  [1m[34mSELECT  "students".* FROM "students" WHERE "students"."id" = ? LIMIT ?[0m  [["id", 3], ["LIMIT", 1]]
Redirected to http://localhost:3000/students/3
Completed 302 Found in 5ms (ActiveRecord: 0.5ms)


Started GET "/students/3" for ::1 at 2020-02-26 22:51:07 -0500
Processing by StudentsController#show as HTML
  Parameters: {"id"=>"3"}
  [1m[36mStudent Load (0.1ms)[0m  [1m[34mSELECT  "students".* FROM "students" WHERE "students"."id" = ? LIMIT ?[0m  [["id", 3], ["LIMIT", 1]]
Redirected to http://localhost:3000/students/3
Completed 302 Found in 1ms (ActiveRecord: 0.1ms)


Started GET "/students/3" for ::1 at 2020-02-26 22:51:07 -0500
Processing by StudentsController#show as HTML
  Parameters: {"id"=>"3"}
  [1m[36mStudent Load (0.1ms)[0m  [1m[34mSELECT  "students".* FROM "students" WHERE "students"."id" = ? LIMIT ?[0m  [["id", 3], ["LIMIT", 1]]
Redirected to http://localhost:3000/students/3
Completed 302 Found in 1ms (ActiveRecord: 0.1ms)


Started GET "/students/3" for ::1 at 2020-02-26 22:51:07 -0500
Processing by StudentsController#show as HTML
  Parameters: {"id"=>"3"}
  [1m[36mStudent Load (0.1ms)[0m  [1m[34mSELECT  "students".* FROM "students" WHERE "students"."id" = ? LIMIT ?[0m  [["id", 3], ["LIMIT", 1]]
Redirected to http://localhost:3000/students/3
Completed 302 Found in 1ms (ActiveRecord: 0.1ms)


Started GET "/students/3" for ::1 at 2020-02-26 22:51:07 -0500
Processing by StudentsController#show as HTML
  Parameters: {"id"=>"3"}
  [1m[36mStudent Load (0.1ms)[0m  [1m[34mSELECT  "students".* FROM "students" WHERE "students"."id" = ? LIMIT ?[0m  [["id", 3], ["LIMIT", 1]]
Redirected to http://localhost:3000/students/3
Completed 302 Found in 1ms (ActiveRecord: 0.1ms)


Started GET "/students/3" for ::1 at 2020-02-26 22:51:07 -0500
Processing by StudentsController#show as HTML
  Parameters: {"id"=>"3"}
  [1m[36mStudent Load (0.1ms)[0m  [1m[34mSELECT  "students".* FROM "students" WHERE "students"."id" = ? LIMIT ?[0m  [["id", 3], ["LIMIT", 1]]
Redirected to http://localhost:3000/students/3
Completed 302 Found in 1ms (ActiveRecord: 0.1ms)


Started GET "/students/3" for ::1 at 2020-02-26 22:51:07 -0500
Processing by StudentsController#show as HTML
  Parameters: {"id"=>"3"}
  [1m[36mStudent Load (0.1ms)[0m  [1m[34mSELECT  "students".* FROM "students" WHERE "students"."id" = ? LIMIT ?[0m  [["id", 3], ["LIMIT", 1]]
Redirected to http://localhost:3000/students/3
Completed 302 Found in 1ms (ActiveRecord: 0.1ms)


Started GET "/students/3" for ::1 at 2020-02-26 22:51:07 -0500
Processing by StudentsController#show as HTML
  Parameters: {"id"=>"3"}
  [1m[36mStudent Load (0.1ms)[0m  [1m[34mSELECT  "students".* FROM "students" WHERE "students"."id" = ? LIMIT ?[0m  [["id", 3], ["LIMIT", 1]]
Redirected to http://localhost:3000/students/3
Completed 302 Found in 1ms (ActiveRecord: 0.1ms)


Started GET "/students/3" for ::1 at 2020-02-26 22:51:07 -0500
Processing by StudentsController#show as HTML
  Parameters: {"id"=>"3"}
  [1m[36mStudent Load (0.1ms)[0m  [1m[34mSELECT  "students".* FROM "students" WHERE "students"."id" = ? LIMIT ?[0m  [["id", 3], ["LIMIT", 1]]
Redirected to http://localhost:3000/students/3
Completed 302 Found in 1ms (ActiveRecord: 0.1ms)


Started GET "/students/3" for ::1 at 2020-02-26 22:51:07 -0500
Processing by StudentsController#show as HTML
  Parameters: {"id"=>"3"}
  [1m[36mStudent Load (0.1ms)[0m  [1m[34mSELECT  "students".* FROM "students" WHERE "students"."id" = ? LIMIT ?[0m  [["id", 3], ["LIMIT", 1]]
Redirected to http://localhost:3000/students/3
Completed 302 Found in 1ms (ActiveRecord: 0.1ms)


Started GET "/students/3" for ::1 at 2020-02-26 22:51:07 -0500
Processing by StudentsController#show as HTML
  Parameters: {"id"=>"3"}
  [1m[36mStudent Load (0.1ms)[0m  [1m[34mSELECT  "students".* FROM "students" WHERE "students"."id" = ? LIMIT ?[0m  [["id", 3], ["LIMIT", 1]]
Redirected to http://localhost:3000/students/3
Completed 302 Found in 1ms (ActiveRecord: 0.1ms)


Started GET "/students/3" for ::1 at 2020-02-26 22:51:07 -0500
Processing by StudentsController#show as HTML
  Parameters: {"id"=>"3"}
  [1m[36mStudent Load (0.1ms)[0m  [1m[34mSELECT  "students".* FROM "students" WHERE "students"."id" = ? LIMIT ?[0m  [["id", 3], ["LIMIT", 1]]
Redirected to http://localhost:3000/students/3
Completed 302 Found in 1ms (ActiveRecord: 0.1ms)


Started GET "/students/3" for ::1 at 2020-02-26 22:51:07 -0500
Processing by StudentsController#show as HTML
  Parameters: {"id"=>"3"}
  [1m[36mStudent Load (0.1ms)[0m  [1m[34mSELECT  "students".* FROM "students" WHERE "students"."id" = ? LIMIT ?[0m  [["id", 3], ["LIMIT", 1]]
Redirected to http://localhost:3000/students/3
Completed 302 Found in 1ms (ActiveRecord: 0.1ms)


Started GET "/students/3" for ::1 at 2020-02-26 22:51:07 -0500
Processing by StudentsController#show as HTML
  Parameters: {"id"=>"3"}
  [1m[36mStudent Load (0.1ms)[0m  [1m[34mSELECT  "students".* FROM "students" WHERE "students"."id" = ? LIMIT ?[0m  [["id", 3], ["LIMIT", 1]]
Redirected to http://localhost:3000/students/3
Completed 302 Found in 1ms (ActiveRecord: 0.1ms)


Started GET "/students/3" for ::1 at 2020-02-26 22:51:07 -0500
Processing by StudentsController#show as HTML
  Parameters: {"id"=>"3"}
  [1m[36mStudent Load (0.1ms)[0m  [1m[34mSELECT  "students".* FROM "students" WHERE "students"."id" = ? LIMIT ?[0m  [["id", 3], ["LIMIT", 1]]
Redirected to http://localhost:3000/students/3
Completed 302 Found in 1ms (ActiveRecord: 0.1ms)


Started GET "/students/3" for ::1 at 2020-02-26 22:51:07 -0500
Processing by StudentsController#show as HTML
  Parameters: {"id"=>"3"}
  [1m[36mStudent Load (0.1ms)[0m  [1m[34mSELECT  "students".* FROM "students" WHERE "students"."id" = ? LIMIT ?[0m  [["id", 3], ["LIMIT", 1]]
Redirected to http://localhost:3000/students/3
Completed 302 Found in 1ms (ActiveRecord: 0.1ms)


Started GET "/students/3" for ::1 at 2020-02-26 22:51:07 -0500
Processing by StudentsController#show as HTML
  Parameters: {"id"=>"3"}
  [1m[36mStudent Load (0.1ms)[0m  [1m[34mSELECT  "students".* FROM "students" WHERE "students"."id" = ? LIMIT ?[0m  [["id", 3], ["LIMIT", 1]]
Redirected to http://localhost:3000/students/3
Completed 302 Found in 1ms (ActiveRecord: 0.1ms)


Started GET "/students/3" for ::1 at 2020-02-26 22:51:07 -0500
Processing by StudentsController#show as HTML
  Parameters: {"id"=>"3"}
  [1m[36mStudent Load (0.1ms)[0m  [1m[34mSELECT  "students".* FROM "students" WHERE "students"."id" = ? LIMIT ?[0m  [["id", 3], ["LIMIT", 1]]
Redirected to http://localhost:3000/students/3
Completed 302 Found in 1ms (ActiveRecord: 0.1ms)


Started GET "/students/3" for ::1 at 2020-02-26 22:51:07 -0500
Processing by StudentsController#show as HTML
  Parameters: {"id"=>"3"}
  [1m[36mStudent Load (0.1ms)[0m  [1m[34mSELECT  "students".* FROM "students" WHERE "students"."id" = ? LIMIT ?[0m  [["id", 3], ["LIMIT", 1]]
Redirected to http://localhost:3000/students/3
Completed 302 Found in 1ms (ActiveRecord: 0.1ms)


Started GET "/students/3" for ::1 at 2020-02-26 22:51:07 -0500
Processing by StudentsController#show as HTML
  Parameters: {"id"=>"3"}
  [1m[36mStudent Load (0.1ms)[0m  [1m[34mSELECT  "students".* FROM "students" WHERE "students"."id" = ? LIMIT ?[0m  [["id", 3], ["LIMIT", 1]]
Redirected to http://localhost:3000/students/3
Completed 302 Found in 1ms (ActiveRecord: 0.1ms)


Started GET "/students/3" for ::1 at 2020-02-26 22:51:07 -0500
Processing by StudentsController#show as HTML
  Parameters: {"id"=>"3"}
  [1m[36mStudent Load (0.1ms)[0m  [1m[34mSELECT  "students".* FROM "students" WHERE "students"."id" = ? LIMIT ?[0m  [["id", 3], ["LIMIT", 1]]
Redirected to http://localhost:3000/students/3
Completed 302 Found in 1ms (ActiveRecord: 0.1ms)


Started GET "/students/3" for ::1 at 2020-02-26 22:51:07 -0500
Processing by StudentsController#show as HTML
  Parameters: {"id"=>"3"}
  [1m[36mStudent Load (0.1ms)[0m  [1m[34mSELECT  "students".* FROM "students" WHERE "students"."id" = ? LIMIT ?[0m  [["id", 3], ["LIMIT", 1]]
Redirected to http://localhost:3000/students/3
Completed 302 Found in 1ms (ActiveRecord: 0.1ms)


Started GET "/students/3" for ::1 at 2020-02-26 22:51:07 -0500
Processing by StudentsController#show as HTML
  Parameters: {"id"=>"3"}
  [1m[36mStudent Load (0.1ms)[0m  [1m[34mSELECT  "students".* FROM "students" WHERE "students"."id" = ? LIMIT ?[0m  [["id", 3], ["LIMIT", 1]]
Redirected to http://localhost:3000/students/3
Completed 302 Found in 1ms (ActiveRecord: 0.1ms)


Started GET "/students/3" for ::1 at 2020-02-26 22:51:07 -0500
Processing by StudentsController#show as HTML
  Parameters: {"id"=>"3"}
  [1m[36mStudent Load (0.1ms)[0m  [1m[34mSELECT  "students".* FROM "students" WHERE "students"."id" = ? LIMIT ?[0m  [["id", 3], ["LIMIT", 1]]
Redirected to http://localhost:3000/students/3
Completed 302 Found in 1ms (ActiveRecord: 0.1ms)


Started GET "/students/3" for ::1 at 2020-02-26 22:51:07 -0500
Processing by StudentsController#show as HTML
  Parameters: {"id"=>"3"}
  [1m[36mStudent Load (0.1ms)[0m  [1m[34mSELECT  "students".* FROM "students" WHERE "students"."id" = ? LIMIT ?[0m  [["id", 3], ["LIMIT", 1]]
Redirected to http://localhost:3000/students/3
Completed 302 Found in 1ms (ActiveRecord: 0.1ms)


Started GET "/students/3" for ::1 at 2020-02-26 22:51:07 -0500
Processing by StudentsController#show as HTML
  Parameters: {"id"=>"3"}
  [1m[36mStudent Load (0.1ms)[0m  [1m[34mSELECT  "students".* FROM "students" WHERE "students"."id" = ? LIMIT ?[0m  [["id", 3], ["LIMIT", 1]]
Redirected to http://localhost:3000/students/3
Completed 302 Found in 1ms (ActiveRecord: 0.1ms)


Started GET "/students/3" for ::1 at 2020-02-26 22:51:07 -0500
Processing by StudentsController#show as HTML
  Parameters: {"id"=>"3"}
  [1m[36mStudent Load (0.1ms)[0m  [1m[34mSELECT  "students".* FROM "students" WHERE "students"."id" = ? LIMIT ?[0m  [["id", 3], ["LIMIT", 1]]
Redirected to http://localhost:3000/students/3
Completed 302 Found in 1ms (ActiveRecord: 0.1ms)


Started GET "/students/3" for ::1 at 2020-02-26 22:51:07 -0500
Processing by StudentsController#show as HTML
  Parameters: {"id"=>"3"}
  [1m[36mStudent Load (0.1ms)[0m  [1m[34mSELECT  "students".* FROM "students" WHERE "students"."id" = ? LIMIT ?[0m  [["id", 3], ["LIMIT", 1]]
Redirected to http://localhost:3000/students/3
Completed 302 Found in 1ms (ActiveRecord: 0.1ms)


Started GET "/students/3" for ::1 at 2020-02-26 22:51:07 -0500
Processing by StudentsController#show as HTML
  Parameters: {"id"=>"3"}
  [1m[36mStudent Load (0.1ms)[0m  [1m[34mSELECT  "students".* FROM "students" WHERE "students"."id" = ? LIMIT ?[0m  [["id", 3], ["LIMIT", 1]]
Redirected to http://localhost:3000/students/3
Completed 302 Found in 1ms (ActiveRecord: 0.1ms)


Started GET "/students/3" for ::1 at 2020-02-26 22:51:07 -0500
Processing by StudentsController#show as HTML
  Parameters: {"id"=>"3"}
  [1m[36mStudent Load (0.1ms)[0m  [1m[34mSELECT  "students".* FROM "students" WHERE "students"."id" = ? LIMIT ?[0m  [["id", 3], ["LIMIT", 1]]
Redirected to http://localhost:3000/students/3
Completed 302 Found in 1ms (ActiveRecord: 0.1ms)


Started GET "/students/3" for ::1 at 2020-02-26 22:51:07 -0500
Processing by StudentsController#show as HTML
  Parameters: {"id"=>"3"}
  [1m[36mStudent Load (0.1ms)[0m  [1m[34mSELECT  "students".* FROM "students" WHERE "students"."id" = ? LIMIT ?[0m  [["id", 3], ["LIMIT", 1]]
Redirected to http://localhost:3000/students/3
Completed 302 Found in 1ms (ActiveRecord: 0.1ms)


Started GET "/students/3" for ::1 at 2020-02-26 22:51:07 -0500
Processing by StudentsController#show as HTML
  Parameters: {"id"=>"3"}
  [1m[36mStudent Load (0.1ms)[0m  [1m[34mSELECT  "students".* FROM "students" WHERE "students"."id" = ? LIMIT ?[0m  [["id", 3], ["LIMIT", 1]]
Redirected to http://localhost:3000/students/3
Completed 302 Found in 1ms (ActiveRecord: 0.1ms)


Started GET "/students/3" for ::1 at 2020-02-26 22:51:07 -0500
Processing by StudentsController#show as HTML
  Parameters: {"id"=>"3"}
  [1m[36mStudent Load (0.1ms)[0m  [1m[34mSELECT  "students".* FROM "students" WHERE "students"."id" = ? LIMIT ?[0m  [["id", 3], ["LIMIT", 1]]
Redirected to http://localhost:3000/students/3
Completed 302 Found in 1ms (ActiveRecord: 0.1ms)


Started GET "/students/3" for ::1 at 2020-02-26 22:51:07 -0500
Processing by StudentsController#show as HTML
  Parameters: {"id"=>"3"}
  [1m[36mStudent Load (0.1ms)[0m  [1m[34mSELECT  "students".* FROM "students" WHERE "students"."id" = ? LIMIT ?[0m  [["id", 3], ["LIMIT", 1]]
Redirected to http://localhost:3000/students/3
Completed 302 Found in 1ms (ActiveRecord: 0.1ms)


Started GET "/students/3" for ::1 at 2020-02-26 22:51:07 -0500
Processing by StudentsController#show as HTML
  Parameters: {"id"=>"3"}
  [1m[36mStudent Load (0.1ms)[0m  [1m[34mSELECT  "students".* FROM "students" WHERE "students"."id" = ? LIMIT ?[0m  [["id", 3], ["LIMIT", 1]]
Redirected to http://localhost:3000/students/3
Completed 302 Found in 1ms (ActiveRecord: 0.1ms)


Started GET "/students/3" for ::1 at 2020-02-26 22:51:07 -0500
Processing by StudentsController#show as HTML
  Parameters: {"id"=>"3"}
  [1m[36mStudent Load (0.1ms)[0m  [1m[34mSELECT  "students".* FROM "students" WHERE "students"."id" = ? LIMIT ?[0m  [["id", 3], ["LIMIT", 1]]
Redirected to http://localhost:3000/students/3
Completed 302 Found in 1ms (ActiveRecord: 0.1ms)


Started GET "/students/3" for ::1 at 2020-02-26 22:51:07 -0500
Processing by StudentsController#show as HTML
  Parameters: {"id"=>"3"}
  [1m[36mStudent Load (0.1ms)[0m  [1m[34mSELECT  "students".* FROM "students" WHERE "students"."id" = ? LIMIT ?[0m  [["id", 3], ["LIMIT", 1]]
Redirected to http://localhost:3000/students/3
Completed 302 Found in 1ms (ActiveRecord: 0.1ms)


Started GET "/students/3" for ::1 at 2020-02-26 22:51:07 -0500
Processing by StudentsController#show as HTML
  Parameters: {"id"=>"3"}
  [1m[36mStudent Load (0.1ms)[0m  [1m[34mSELECT  "students".* FROM "students" WHERE "students"."id" = ? LIMIT ?[0m  [["id", 3], ["LIMIT", 1]]
Redirected to http://localhost:3000/students/3
Completed 302 Found in 1ms (ActiveRecord: 0.1ms)


Started GET "/students/3" for ::1 at 2020-02-26 22:51:07 -0500
Processing by StudentsController#show as HTML
  Parameters: {"id"=>"3"}
  [1m[36mStudent Load (0.1ms)[0m  [1m[34mSELECT  "students".* FROM "students" WHERE "students"."id" = ? LIMIT ?[0m  [["id", 3], ["LIMIT", 1]]
Redirected to http://localhost:3000/students/3
Completed 302 Found in 1ms (ActiveRecord: 0.1ms)


Started GET "/students/3" for ::1 at 2020-02-26 22:51:07 -0500
Processing by StudentsController#show as HTML
  Parameters: {"id"=>"3"}
  [1m[36mStudent Load (0.1ms)[0m  [1m[34mSELECT  "students".* FROM "students" WHERE "students"."id" = ? LIMIT ?[0m  [["id", 3], ["LIMIT", 1]]
Redirected to http://localhost:3000/students/3
Completed 302 Found in 1ms (ActiveRecord: 0.1ms)


Started GET "/students/3" for ::1 at 2020-02-26 22:51:12 -0500
Processing by StudentsController#show as HTML
  Parameters: {"id"=>"3"}
  [1m[36mStudent Load (0.1ms)[0m  [1m[34mSELECT  "students".* FROM "students" WHERE "students"."id" = ? LIMIT ?[0m  [["id", 3], ["LIMIT", 1]]
Redirected to http://localhost:3000/students/3
Completed 302 Found in 1ms (ActiveRecord: 0.1ms)


Started GET "/students/3" for ::1 at 2020-02-26 22:51:12 -0500
Processing by StudentsController#show as HTML
  Parameters: {"id"=>"3"}
  [1m[36mStudent Load (0.1ms)[0m  [1m[34mSELECT  "students".* FROM "students" WHERE "students"."id" = ? LIMIT ?[0m  [["id", 3], ["LIMIT", 1]]
Redirected to http://localhost:3000/students/3
Completed 302 Found in 1ms (ActiveRecord: 0.1ms)


Started GET "/students/3" for ::1 at 2020-02-26 22:51:12 -0500
Processing by StudentsController#show as HTML
  Parameters: {"id"=>"3"}
  [1m[36mStudent Load (0.1ms)[0m  [1m[34mSELECT  "students".* FROM "students" WHERE "students"."id" = ? LIMIT ?[0m  [["id", 3], ["LIMIT", 1]]
Redirected to http://localhost:3000/students/3
Completed 302 Found in 1ms (ActiveRecord: 0.1ms)


Started GET "/students/3" for ::1 at 2020-02-26 22:51:12 -0500
Processing by StudentsController#show as HTML
  Parameters: {"id"=>"3"}
  [1m[36mStudent Load (0.1ms)[0m  [1m[34mSELECT  "students".* FROM "students" WHERE "students"."id" = ? LIMIT ?[0m  [["id", 3], ["LIMIT", 1]]
Redirected to http://localhost:3000/students/3
Completed 302 Found in 1ms (ActiveRecord: 0.1ms)


Started GET "/students/3" for ::1 at 2020-02-26 22:51:12 -0500
Processing by StudentsController#show as HTML
  Parameters: {"id"=>"3"}
  [1m[36mStudent Load (0.1ms)[0m  [1m[34mSELECT  "students".* FROM "students" WHERE "students"."id" = ? LIMIT ?[0m  [["id", 3], ["LIMIT", 1]]
Redirected to http://localhost:3000/students/3
Completed 302 Found in 1ms (ActiveRecord: 0.1ms)


Started GET "/students/3" for ::1 at 2020-02-26 22:51:12 -0500
Processing by StudentsController#show as HTML
  Parameters: {"id"=>"3"}
  [1m[36mStudent Load (0.1ms)[0m  [1m[34mSELECT  "students".* FROM "students" WHERE "students"."id" = ? LIMIT ?[0m  [["id", 3], ["LIMIT", 1]]
Redirected to http://localhost:3000/students/3
Completed 302 Found in 1ms (ActiveRecord: 0.1ms)


Started GET "/students/3" for ::1 at 2020-02-26 22:51:12 -0500
Processing by StudentsController#show as HTML
  Parameters: {"id"=>"3"}
  [1m[36mStudent Load (0.1ms)[0m  [1m[34mSELECT  "students".* FROM "students" WHERE "students"."id" = ? LIMIT ?[0m  [["id", 3], ["LIMIT", 1]]
Redirected to http://localhost:3000/students/3
Completed 302 Found in 1ms (ActiveRecord: 0.1ms)


Started GET "/students/3" for ::1 at 2020-02-26 22:51:12 -0500
Processing by StudentsController#show as HTML
  Parameters: {"id"=>"3"}
  [1m[36mStudent Load (0.1ms)[0m  [1m[34mSELECT  "students".* FROM "students" WHERE "students"."id" = ? LIMIT ?[0m  [["id", 3], ["LIMIT", 1]]
Redirected to http://localhost:3000/students/3
Completed 302 Found in 1ms (ActiveRecord: 0.1ms)


Started GET "/students/3" for ::1 at 2020-02-26 22:51:12 -0500
Processing by StudentsController#show as HTML
  Parameters: {"id"=>"3"}
  [1m[36mStudent Load (0.1ms)[0m  [1m[34mSELECT  "students".* FROM "students" WHERE "students"."id" = ? LIMIT ?[0m  [["id", 3], ["LIMIT", 1]]
Redirected to http://localhost:3000/students/3
Completed 302 Found in 1ms (ActiveRecord: 0.1ms)


Started GET "/students/3" for ::1 at 2020-02-26 22:51:12 -0500
Processing by StudentsController#show as HTML
  Parameters: {"id"=>"3"}
  [1m[36mStudent Load (0.1ms)[0m  [1m[34mSELECT  "students".* FROM "students" WHERE "students"."id" = ? LIMIT ?[0m  [["id", 3], ["LIMIT", 1]]
Redirected to http://localhost:3000/students/3
Completed 302 Found in 1ms (ActiveRecord: 0.1ms)


Started GET "/students/3" for ::1 at 2020-02-26 22:51:12 -0500
Processing by StudentsController#show as HTML
  Parameters: {"id"=>"3"}
  [1m[36mStudent Load (0.1ms)[0m  [1m[34mSELECT  "students".* FROM "students" WHERE "students"."id" = ? LIMIT ?[0m  [["id", 3], ["LIMIT", 1]]
Redirected to http://localhost:3000/students/3
Completed 302 Found in 1ms (ActiveRecord: 0.1ms)


Started GET "/students/3" for ::1 at 2020-02-26 22:51:12 -0500
Processing by StudentsController#show as HTML
  Parameters: {"id"=>"3"}
  [1m[36mStudent Load (0.1ms)[0m  [1m[34mSELECT  "students".* FROM "students" WHERE "students"."id" = ? LIMIT ?[0m  [["id", 3], ["LIMIT", 1]]
Redirected to http://localhost:3000/students/3
Completed 302 Found in 1ms (ActiveRecord: 0.1ms)


Started GET "/students/3" for ::1 at 2020-02-26 22:51:12 -0500
Processing by StudentsController#show as HTML
  Parameters: {"id"=>"3"}
  [1m[36mStudent Load (0.1ms)[0m  [1m[34mSELECT  "students".* FROM "students" WHERE "students"."id" = ? LIMIT ?[0m  [["id", 3], ["LIMIT", 1]]
Redirected to http://localhost:3000/students/3
Completed 302 Found in 1ms (ActiveRecord: 0.1ms)


Started GET "/students/3" for ::1 at 2020-02-26 22:51:12 -0500
Processing by StudentsController#show as HTML
  Parameters: {"id"=>"3"}
  [1m[36mStudent Load (0.1ms)[0m  [1m[34mSELECT  "students".* FROM "students" WHERE "students"."id" = ? LIMIT ?[0m  [["id", 3], ["LIMIT", 1]]
Redirected to http://localhost:3000/students/3
Completed 302 Found in 1ms (ActiveRecord: 0.1ms)


Started GET "/students/3" for ::1 at 2020-02-26 22:51:12 -0500
Processing by StudentsController#show as HTML
  Parameters: {"id"=>"3"}
  [1m[36mStudent Load (0.1ms)[0m  [1m[34mSELECT  "students".* FROM "students" WHERE "students"."id" = ? LIMIT ?[0m  [["id", 3], ["LIMIT", 1]]
Redirected to http://localhost:3000/students/3
Completed 302 Found in 1ms (ActiveRecord: 0.1ms)


Started GET "/students/3" for ::1 at 2020-02-26 22:51:12 -0500
Processing by StudentsController#show as HTML
  Parameters: {"id"=>"3"}
  [1m[36mStudent Load (0.1ms)[0m  [1m[34mSELECT  "students".* FROM "students" WHERE "students"."id" = ? LIMIT ?[0m  [["id", 3], ["LIMIT", 1]]
Redirected to http://localhost:3000/students/3
Completed 302 Found in 1ms (ActiveRecord: 0.1ms)


Started GET "/students/3" for ::1 at 2020-02-26 22:51:12 -0500
Processing by StudentsController#show as HTML
  Parameters: {"id"=>"3"}
  [1m[36mStudent Load (0.1ms)[0m  [1m[34mSELECT  "students".* FROM "students" WHERE "students"."id" = ? LIMIT ?[0m  [["id", 3], ["LIMIT", 1]]
Redirected to http://localhost:3000/students/3
Completed 302 Found in 1ms (ActiveRecord: 0.1ms)


Started GET "/students/3" for ::1 at 2020-02-26 22:51:12 -0500
Processing by StudentsController#show as HTML
  Parameters: {"id"=>"3"}
  [1m[36mStudent Load (0.1ms)[0m  [1m[34mSELECT  "students".* FROM "students" WHERE "students"."id" = ? LIMIT ?[0m  [["id", 3], ["LIMIT", 1]]
Redirected to http://localhost:3000/students/3
Completed 302 Found in 1ms (ActiveRecord: 0.1ms)


Started GET "/students/3" for ::1 at 2020-02-26 22:51:12 -0500
Processing by StudentsController#show as HTML
  Parameters: {"id"=>"3"}
  [1m[36mStudent Load (0.1ms)[0m  [1m[34mSELECT  "students".* FROM "students" WHERE "students"."id" = ? LIMIT ?[0m  [["id", 3], ["LIMIT", 1]]
Redirected to http://localhost:3000/students/3
Completed 302 Found in 1ms (ActiveRecord: 0.1ms)


Started GET "/students/3" for ::1 at 2020-02-26 22:51:12 -0500
Processing by StudentsController#show as HTML
  Parameters: {"id"=>"3"}
  [1m[36mStudent Load (0.1ms)[0m  [1m[34mSELECT  "students".* FROM "students" WHERE "students"."id" = ? LIMIT ?[0m  [["id", 3], ["LIMIT", 1]]
Redirected to http://localhost:3000/students/3
Completed 302 Found in 1ms (ActiveRecord: 0.1ms)


Started GET "/students/3" for ::1 at 2020-02-26 22:51:42 -0500
Processing by StudentsController#show as HTML
  Parameters: {"id"=>"3"}
  [1m[36mStudent Load (0.1ms)[0m  [1m[34mSELECT  "students".* FROM "students" WHERE "students"."id" = ? LIMIT ?[0m  [["id", 3], ["LIMIT", 1]]
Redirected to http://localhost:3000/students/3
Completed 302 Found in 1ms (ActiveRecord: 0.1ms)


Started GET "/students/3" for ::1 at 2020-02-26 22:51:42 -0500
Processing by StudentsController#show as HTML
  Parameters: {"id"=>"3"}
  [1m[36mStudent Load (0.1ms)[0m  [1m[34mSELECT  "students".* FROM "students" WHERE "students"."id" = ? LIMIT ?[0m  [["id", 3], ["LIMIT", 1]]
Redirected to http://localhost:3000/students/3
Completed 302 Found in 1ms (ActiveRecord: 0.1ms)


Started GET "/students/3" for ::1 at 2020-02-26 22:51:42 -0500
Processing by StudentsController#show as HTML
  Parameters: {"id"=>"3"}
  [1m[36mStudent Load (0.1ms)[0m  [1m[34mSELECT  "students".* FROM "students" WHERE "students"."id" = ? LIMIT ?[0m  [["id", 3], ["LIMIT", 1]]
Redirected to http://localhost:3000/students/3
Completed 302 Found in 1ms (ActiveRecord: 0.1ms)


Started GET "/students/3" for ::1 at 2020-02-26 22:51:42 -0500
Processing by StudentsController#show as HTML
  Parameters: {"id"=>"3"}
  [1m[36mStudent Load (0.1ms)[0m  [1m[34mSELECT  "students".* FROM "students" WHERE "students"."id" = ? LIMIT ?[0m  [["id", 3], ["LIMIT", 1]]
Redirected to http://localhost:3000/students/3
Completed 302 Found in 1ms (ActiveRecord: 0.1ms)


Started GET "/students/3" for ::1 at 2020-02-26 22:51:42 -0500
Processing by StudentsController#show as HTML
  Parameters: {"id"=>"3"}
  [1m[36mStudent Load (0.1ms)[0m  [1m[34mSELECT  "students".* FROM "students" WHERE "students"."id" = ? LIMIT ?[0m  [["id", 3], ["LIMIT", 1]]
Redirected to http://localhost:3000/students/3
Completed 302 Found in 1ms (ActiveRecord: 0.1ms)


Started GET "/students/3" for ::1 at 2020-02-26 22:51:42 -0500
Processing by StudentsController#show as HTML
  Parameters: {"id"=>"3"}
  [1m[36mStudent Load (0.1ms)[0m  [1m[34mSELECT  "students".* FROM "students" WHERE "students"."id" = ? LIMIT ?[0m  [["id", 3], ["LIMIT", 1]]
Redirected to http://localhost:3000/students/3
Completed 302 Found in 1ms (ActiveRecord: 0.1ms)


Started GET "/students/3" for ::1 at 2020-02-26 22:51:42 -0500
Processing by StudentsController#show as HTML
  Parameters: {"id"=>"3"}
  [1m[36mStudent Load (0.1ms)[0m  [1m[34mSELECT  "students".* FROM "students" WHERE "students"."id" = ? LIMIT ?[0m  [["id", 3], ["LIMIT", 1]]
Redirected to http://localhost:3000/students/3
Completed 302 Found in 1ms (ActiveRecord: 0.1ms)


Started GET "/students/3" for ::1 at 2020-02-26 22:51:42 -0500
Processing by StudentsController#show as HTML
  Parameters: {"id"=>"3"}
  [1m[36mStudent Load (0.1ms)[0m  [1m[34mSELECT  "students".* FROM "students" WHERE "students"."id" = ? LIMIT ?[0m  [["id", 3], ["LIMIT", 1]]
Redirected to http://localhost:3000/students/3
Completed 302 Found in 1ms (ActiveRecord: 0.1ms)


Started GET "/students/3" for ::1 at 2020-02-26 22:51:42 -0500
Processing by StudentsController#show as HTML
  Parameters: {"id"=>"3"}
  [1m[36mStudent Load (0.1ms)[0m  [1m[34mSELECT  "students".* FROM "students" WHERE "students"."id" = ? LIMIT ?[0m  [["id", 3], ["LIMIT", 1]]
Redirected to http://localhost:3000/students/3
Completed 302 Found in 1ms (ActiveRecord: 0.1ms)


Started GET "/students/3" for ::1 at 2020-02-26 22:51:42 -0500
Processing by StudentsController#show as HTML
  Parameters: {"id"=>"3"}
  [1m[36mStudent Load (0.1ms)[0m  [1m[34mSELECT  "students".* FROM "students" WHERE "students"."id" = ? LIMIT ?[0m  [["id", 3], ["LIMIT", 1]]
Redirected to http://localhost:3000/students/3
Completed 302 Found in 1ms (ActiveRecord: 0.1ms)


Started GET "/students/3" for ::1 at 2020-02-26 22:51:42 -0500
Processing by StudentsController#show as HTML
  Parameters: {"id"=>"3"}
  [1m[36mStudent Load (0.1ms)[0m  [1m[34mSELECT  "students".* FROM "students" WHERE "students"."id" = ? LIMIT ?[0m  [["id", 3], ["LIMIT", 1]]
Redirected to http://localhost:3000/students/3
Completed 302 Found in 1ms (ActiveRecord: 0.1ms)


Started GET "/students/3" for ::1 at 2020-02-26 22:51:42 -0500
Processing by StudentsController#show as HTML
  Parameters: {"id"=>"3"}
  [1m[36mStudent Load (0.1ms)[0m  [1m[34mSELECT  "students".* FROM "students" WHERE "students"."id" = ? LIMIT ?[0m  [["id", 3], ["LIMIT", 1]]
Redirected to http://localhost:3000/students/3
Completed 302 Found in 1ms (ActiveRecord: 0.1ms)


Started GET "/students/3" for ::1 at 2020-02-26 22:51:42 -0500
Processing by StudentsController#show as HTML
  Parameters: {"id"=>"3"}
  [1m[36mStudent Load (0.1ms)[0m  [1m[34mSELECT  "students".* FROM "students" WHERE "students"."id" = ? LIMIT ?[0m  [["id", 3], ["LIMIT", 1]]
Redirected to http://localhost:3000/students/3
Completed 302 Found in 1ms (ActiveRecord: 0.1ms)


Started GET "/students/3" for ::1 at 2020-02-26 22:51:42 -0500
Processing by StudentsController#show as HTML
  Parameters: {"id"=>"3"}
  [1m[36mStudent Load (0.1ms)[0m  [1m[34mSELECT  "students".* FROM "students" WHERE "students"."id" = ? LIMIT ?[0m  [["id", 3], ["LIMIT", 1]]
Redirected to http://localhost:3000/students/3
Completed 302 Found in 1ms (ActiveRecord: 0.1ms)


Started GET "/students/3" for ::1 at 2020-02-26 22:51:42 -0500
Processing by StudentsController#show as HTML
  Parameters: {"id"=>"3"}
  [1m[36mStudent Load (0.1ms)[0m  [1m[34mSELECT  "students".* FROM "students" WHERE "students"."id" = ? LIMIT ?[0m  [["id", 3], ["LIMIT", 1]]
Redirected to http://localhost:3000/students/3
Completed 302 Found in 1ms (ActiveRecord: 0.1ms)


Started GET "/students/3" for ::1 at 2020-02-26 22:51:42 -0500
Processing by StudentsController#show as HTML
  Parameters: {"id"=>"3"}
  [1m[36mStudent Load (0.1ms)[0m  [1m[34mSELECT  "students".* FROM "students" WHERE "students"."id" = ? LIMIT ?[0m  [["id", 3], ["LIMIT", 1]]
Redirected to http://localhost:3000/students/3
Completed 302 Found in 1ms (ActiveRecord: 0.1ms)


Started GET "/students/3" for ::1 at 2020-02-26 22:51:42 -0500
Processing by StudentsController#show as HTML
  Parameters: {"id"=>"3"}
  [1m[36mStudent Load (0.1ms)[0m  [1m[34mSELECT  "students".* FROM "students" WHERE "students"."id" = ? LIMIT ?[0m  [["id", 3], ["LIMIT", 1]]
Redirected to http://localhost:3000/students/3
Completed 302 Found in 1ms (ActiveRecord: 0.1ms)


Started GET "/students/3" for ::1 at 2020-02-26 22:51:42 -0500
Processing by StudentsController#show as HTML
  Parameters: {"id"=>"3"}
  [1m[36mStudent Load (0.1ms)[0m  [1m[34mSELECT  "students".* FROM "students" WHERE "students"."id" = ? LIMIT ?[0m  [["id", 3], ["LIMIT", 1]]
Redirected to http://localhost:3000/students/3
Completed 302 Found in 1ms (ActiveRecord: 0.1ms)


Started GET "/students/3" for ::1 at 2020-02-26 22:51:42 -0500
Processing by StudentsController#show as HTML
  Parameters: {"id"=>"3"}
  [1m[36mStudent Load (0.1ms)[0m  [1m[34mSELECT  "students".* FROM "students" WHERE "students"."id" = ? LIMIT ?[0m  [["id", 3], ["LIMIT", 1]]
Redirected to http://localhost:3000/students/3
Completed 302 Found in 1ms (ActiveRecord: 0.1ms)


Started GET "/students/3" for ::1 at 2020-02-26 22:51:42 -0500
Processing by StudentsController#show as HTML
  Parameters: {"id"=>"3"}
  [1m[36mStudent Load (0.1ms)[0m  [1m[34mSELECT  "students".* FROM "students" WHERE "students"."id" = ? LIMIT ?[0m  [["id", 3], ["LIMIT", 1]]
Redirected to http://localhost:3000/students/3
Completed 302 Found in 1ms (ActiveRecord: 0.1ms)


Started GET "/students/3" for ::1 at 2020-02-26 22:52:42 -0500
Processing by StudentsController#show as HTML
  Parameters: {"id"=>"3"}
  [1m[36mStudent Load (0.1ms)[0m  [1m[34mSELECT  "students".* FROM "students" WHERE "students"."id" = ? LIMIT ?[0m  [["id", 3], ["LIMIT", 1]]
Redirected to http://localhost:3000/students/3
Completed 302 Found in 1ms (ActiveRecord: 0.1ms)


Started GET "/students/3" for ::1 at 2020-02-26 22:52:42 -0500
Processing by StudentsController#show as HTML
  Parameters: {"id"=>"3"}
  [1m[36mStudent Load (0.1ms)[0m  [1m[34mSELECT  "students".* FROM "students" WHERE "students"."id" = ? LIMIT ?[0m  [["id", 3], ["LIMIT", 1]]
Redirected to http://localhost:3000/students/3
Completed 302 Found in 1ms (ActiveRecord: 0.1ms)


Started GET "/students/3" for ::1 at 2020-02-26 22:52:43 -0500
Processing by StudentsController#show as HTML
  Parameters: {"id"=>"3"}
  [1m[36mStudent Load (0.1ms)[0m  [1m[34mSELECT  "students".* FROM "students" WHERE "students"."id" = ? LIMIT ?[0m  [["id", 3], ["LIMIT", 1]]
Redirected to http://localhost:3000/students/3
Completed 302 Found in 1ms (ActiveRecord: 0.1ms)


Started GET "/students/3" for ::1 at 2020-02-26 22:52:43 -0500
Processing by StudentsController#show as HTML
  Parameters: {"id"=>"3"}
  [1m[36mStudent Load (0.1ms)[0m  [1m[34mSELECT  "students".* FROM "students" WHERE "students"."id" = ? LIMIT ?[0m  [["id", 3], ["LIMIT", 1]]
Redirected to http://localhost:3000/students/3
Completed 302 Found in 1ms (ActiveRecord: 0.1ms)


Started GET "/students/3" for ::1 at 2020-02-26 22:52:43 -0500
Processing by StudentsController#show as HTML
  Parameters: {"id"=>"3"}
  [1m[36mStudent Load (0.1ms)[0m  [1m[34mSELECT  "students".* FROM "students" WHERE "students"."id" = ? LIMIT ?[0m  [["id", 3], ["LIMIT", 1]]
Redirected to http://localhost:3000/students/3
Completed 302 Found in 1ms (ActiveRecord: 0.1ms)


Started GET "/students/3" for ::1 at 2020-02-26 22:52:43 -0500
Processing by StudentsController#show as HTML
  Parameters: {"id"=>"3"}
  [1m[36mStudent Load (0.1ms)[0m  [1m[34mSELECT  "students".* FROM "students" WHERE "students"."id" = ? LIMIT ?[0m  [["id", 3], ["LIMIT", 1]]
Redirected to http://localhost:3000/students/3
Completed 302 Found in 1ms (ActiveRecord: 0.1ms)


Started GET "/students/3" for ::1 at 2020-02-26 22:52:43 -0500
Processing by StudentsController#show as HTML
  Parameters: {"id"=>"3"}
  [1m[36mStudent Load (0.1ms)[0m  [1m[34mSELECT  "students".* FROM "students" WHERE "students"."id" = ? LIMIT ?[0m  [["id", 3], ["LIMIT", 1]]
Redirected to http://localhost:3000/students/3
Completed 302 Found in 1ms (ActiveRecord: 0.1ms)


Started GET "/students/3" for ::1 at 2020-02-26 22:52:43 -0500
Processing by StudentsController#show as HTML
  Parameters: {"id"=>"3"}
  [1m[36mStudent Load (0.1ms)[0m  [1m[34mSELECT  "students".* FROM "students" WHERE "students"."id" = ? LIMIT ?[0m  [["id", 3], ["LIMIT", 1]]
Redirected to http://localhost:3000/students/3
Completed 302 Found in 1ms (ActiveRecord: 0.1ms)


Started GET "/students/3" for ::1 at 2020-02-26 22:52:43 -0500
Processing by StudentsController#show as HTML
  Parameters: {"id"=>"3"}
  [1m[36mStudent Load (0.1ms)[0m  [1m[34mSELECT  "students".* FROM "students" WHERE "students"."id" = ? LIMIT ?[0m  [["id", 3], ["LIMIT", 1]]
Redirected to http://localhost:3000/students/3
Completed 302 Found in 1ms (ActiveRecord: 0.1ms)


Started GET "/students/3" for ::1 at 2020-02-26 22:52:43 -0500
Processing by StudentsController#show as HTML
  Parameters: {"id"=>"3"}
  [1m[36mStudent Load (0.1ms)[0m  [1m[34mSELECT  "students".* FROM "students" WHERE "students"."id" = ? LIMIT ?[0m  [["id", 3], ["LIMIT", 1]]
Redirected to http://localhost:3000/students/3
Completed 302 Found in 1ms (ActiveRecord: 0.1ms)


Started GET "/students/3" for ::1 at 2020-02-26 22:52:43 -0500
Processing by StudentsController#show as HTML
  Parameters: {"id"=>"3"}
  [1m[36mStudent Load (0.1ms)[0m  [1m[34mSELECT  "students".* FROM "students" WHERE "students"."id" = ? LIMIT ?[0m  [["id", 3], ["LIMIT", 1]]
Redirected to http://localhost:3000/students/3
Completed 302 Found in 1ms (ActiveRecord: 0.1ms)


Started GET "/students/3" for ::1 at 2020-02-26 22:52:43 -0500
Processing by StudentsController#show as HTML
  Parameters: {"id"=>"3"}
  [1m[36mStudent Load (0.1ms)[0m  [1m[34mSELECT  "students".* FROM "students" WHERE "students"."id" = ? LIMIT ?[0m  [["id", 3], ["LIMIT", 1]]
Redirected to http://localhost:3000/students/3
Completed 302 Found in 1ms (ActiveRecord: 0.1ms)


Started GET "/students/3" for ::1 at 2020-02-26 22:52:43 -0500
Processing by StudentsController#show as HTML
  Parameters: {"id"=>"3"}
  [1m[36mStudent Load (0.1ms)[0m  [1m[34mSELECT  "students".* FROM "students" WHERE "students"."id" = ? LIMIT ?[0m  [["id", 3], ["LIMIT", 1]]
Redirected to http://localhost:3000/students/3
Completed 302 Found in 1ms (ActiveRecord: 0.1ms)


Started GET "/students/3" for ::1 at 2020-02-26 22:52:43 -0500
Processing by StudentsController#show as HTML
  Parameters: {"id"=>"3"}
  [1m[36mStudent Load (0.1ms)[0m  [1m[34mSELECT  "students".* FROM "students" WHERE "students"."id" = ? LIMIT ?[0m  [["id", 3], ["LIMIT", 1]]
Redirected to http://localhost:3000/students/3
Completed 302 Found in 1ms (ActiveRecord: 0.1ms)


Started GET "/students/3" for ::1 at 2020-02-26 22:52:43 -0500
Processing by StudentsController#show as HTML
  Parameters: {"id"=>"3"}
  [1m[36mStudent Load (0.1ms)[0m  [1m[34mSELECT  "students".* FROM "students" WHERE "students"."id" = ? LIMIT ?[0m  [["id", 3], ["LIMIT", 1]]
Redirected to http://localhost:3000/students/3
Completed 302 Found in 1ms (ActiveRecord: 0.1ms)


Started GET "/students/3" for ::1 at 2020-02-26 22:52:43 -0500
Processing by StudentsController#show as HTML
  Parameters: {"id"=>"3"}
  [1m[36mStudent Load (0.1ms)[0m  [1m[34mSELECT  "students".* FROM "students" WHERE "students"."id" = ? LIMIT ?[0m  [["id", 3], ["LIMIT", 1]]
Redirected to http://localhost:3000/students/3
Completed 302 Found in 1ms (ActiveRecord: 0.1ms)


Started GET "/students/3" for ::1 at 2020-02-26 22:52:43 -0500
Processing by StudentsController#show as HTML
  Parameters: {"id"=>"3"}
  [1m[36mStudent Load (0.1ms)[0m  [1m[34mSELECT  "students".* FROM "students" WHERE "students"."id" = ? LIMIT ?[0m  [["id", 3], ["LIMIT", 1]]
Redirected to http://localhost:3000/students/3
Completed 302 Found in 1ms (ActiveRecord: 0.1ms)


Started GET "/students/3" for ::1 at 2020-02-26 22:52:43 -0500
Processing by StudentsController#show as HTML
  Parameters: {"id"=>"3"}
  [1m[36mStudent Load (0.1ms)[0m  [1m[34mSELECT  "students".* FROM "students" WHERE "students"."id" = ? LIMIT ?[0m  [["id", 3], ["LIMIT", 1]]
Redirected to http://localhost:3000/students/3
Completed 302 Found in 1ms (ActiveRecord: 0.1ms)


Started GET "/students/3" for ::1 at 2020-02-26 22:52:43 -0500
Processing by StudentsController#show as HTML
  Parameters: {"id"=>"3"}
  [1m[36mStudent Load (0.1ms)[0m  [1m[34mSELECT  "students".* FROM "students" WHERE "students"."id" = ? LIMIT ?[0m  [["id", 3], ["LIMIT", 1]]
Redirected to http://localhost:3000/students/3
Completed 302 Found in 1ms (ActiveRecord: 0.1ms)


Started GET "/students/3" for ::1 at 2020-02-26 22:52:43 -0500
Processing by StudentsController#show as HTML
  Parameters: {"id"=>"3"}
  [1m[36mStudent Load (0.1ms)[0m  [1m[34mSELECT  "students".* FROM "students" WHERE "students"."id" = ? LIMIT ?[0m  [["id", 3], ["LIMIT", 1]]
Redirected to http://localhost:3000/students/3
Completed 302 Found in 1ms (ActiveRecord: 0.1ms)


Started GET "/students/3" for ::1 at 2020-02-26 22:53:20 -0500
Processing by StudentsController#show as HTML
  Parameters: {"id"=>"3"}
  [1m[36mStudent Load (0.1ms)[0m  [1m[34mSELECT  "students".* FROM "students" WHERE "students"."id" = ? LIMIT ?[0m  [["id", 3], ["LIMIT", 1]]
Redirected to http://localhost:3000/students/3
Completed 302 Found in 5ms (ActiveRecord: 0.5ms)


Started GET "/students/3" for ::1 at 2020-02-26 22:53:20 -0500
Processing by StudentsController#show as HTML
  Parameters: {"id"=>"3"}
  [1m[36mStudent Load (0.1ms)[0m  [1m[34mSELECT  "students".* FROM "students" WHERE "students"."id" = ? LIMIT ?[0m  [["id", 3], ["LIMIT", 1]]
Redirected to http://localhost:3000/students/3
Completed 302 Found in 1ms (ActiveRecord: 0.1ms)


Started GET "/students/3" for ::1 at 2020-02-26 22:53:20 -0500
Processing by StudentsController#show as HTML
  Parameters: {"id"=>"3"}
  [1m[36mStudent Load (0.1ms)[0m  [1m[34mSELECT  "students".* FROM "students" WHERE "students"."id" = ? LIMIT ?[0m  [["id", 3], ["LIMIT", 1]]
Redirected to http://localhost:3000/students/3
Completed 302 Found in 1ms (ActiveRecord: 0.1ms)


Started GET "/students/3" for ::1 at 2020-02-26 22:53:20 -0500
Processing by StudentsController#show as HTML
  Parameters: {"id"=>"3"}
  [1m[36mStudent Load (0.1ms)[0m  [1m[34mSELECT  "students".* FROM "students" WHERE "students"."id" = ? LIMIT ?[0m  [["id", 3], ["LIMIT", 1]]
Redirected to http://localhost:3000/students/3
Completed 302 Found in 1ms (ActiveRecord: 0.1ms)


Started GET "/students/3" for ::1 at 2020-02-26 22:53:20 -0500
Processing by StudentsController#show as HTML
  Parameters: {"id"=>"3"}
  [1m[36mStudent Load (0.1ms)[0m  [1m[34mSELECT  "students".* FROM "students" WHERE "students"."id" = ? LIMIT ?[0m  [["id", 3], ["LIMIT", 1]]
Redirected to http://localhost:3000/students/3
Completed 302 Found in 1ms (ActiveRecord: 0.1ms)


Started GET "/students/3" for ::1 at 2020-02-26 22:53:20 -0500
Processing by StudentsController#show as HTML
  Parameters: {"id"=>"3"}
  [1m[36mStudent Load (0.1ms)[0m  [1m[34mSELECT  "students".* FROM "students" WHERE "students"."id" = ? LIMIT ?[0m  [["id", 3], ["LIMIT", 1]]
Redirected to http://localhost:3000/students/3
Completed 302 Found in 1ms (ActiveRecord: 0.1ms)


Started GET "/students/3" for ::1 at 2020-02-26 22:53:20 -0500
Processing by StudentsController#show as HTML
  Parameters: {"id"=>"3"}
  [1m[36mStudent Load (0.1ms)[0m  [1m[34mSELECT  "students".* FROM "students" WHERE "students"."id" = ? LIMIT ?[0m  [["id", 3], ["LIMIT", 1]]
Redirected to http://localhost:3000/students/3
Completed 302 Found in 1ms (ActiveRecord: 0.1ms)


Started GET "/students/3" for ::1 at 2020-02-26 22:53:20 -0500
Processing by StudentsController#show as HTML
  Parameters: {"id"=>"3"}
  [1m[36mStudent Load (0.1ms)[0m  [1m[34mSELECT  "students".* FROM "students" WHERE "students"."id" = ? LIMIT ?[0m  [["id", 3], ["LIMIT", 1]]
Redirected to http://localhost:3000/students/3
Completed 302 Found in 1ms (ActiveRecord: 0.1ms)


Started GET "/students/3" for ::1 at 2020-02-26 22:53:20 -0500
Processing by StudentsController#show as HTML
  Parameters: {"id"=>"3"}
  [1m[36mStudent Load (0.1ms)[0m  [1m[34mSELECT  "students".* FROM "students" WHERE "students"."id" = ? LIMIT ?[0m  [["id", 3], ["LIMIT", 1]]
Redirected to http://localhost:3000/students/3
Completed 302 Found in 1ms (ActiveRecord: 0.1ms)


Started GET "/students/3" for ::1 at 2020-02-26 22:53:20 -0500
Processing by StudentsController#show as HTML
  Parameters: {"id"=>"3"}
  [1m[36mStudent Load (0.1ms)[0m  [1m[34mSELECT  "students".* FROM "students" WHERE "students"."id" = ? LIMIT ?[0m  [["id", 3], ["LIMIT", 1]]
Redirected to http://localhost:3000/students/3
Completed 302 Found in 1ms (ActiveRecord: 0.1ms)


Started GET "/students/3" for ::1 at 2020-02-26 22:53:20 -0500
Processing by StudentsController#show as HTML
  Parameters: {"id"=>"3"}
  [1m[36mStudent Load (0.1ms)[0m  [1m[34mSELECT  "students".* FROM "students" WHERE "students"."id" = ? LIMIT ?[0m  [["id", 3], ["LIMIT", 1]]
Redirected to http://localhost:3000/students/3
Completed 302 Found in 1ms (ActiveRecord: 0.1ms)


Started GET "/students/3" for ::1 at 2020-02-26 22:53:20 -0500
Processing by StudentsController#show as HTML
  Parameters: {"id"=>"3"}
  [1m[36mStudent Load (0.1ms)[0m  [1m[34mSELECT  "students".* FROM "students" WHERE "students"."id" = ? LIMIT ?[0m  [["id", 3], ["LIMIT", 1]]
Redirected to http://localhost:3000/students/3
Completed 302 Found in 1ms (ActiveRecord: 0.1ms)


Started GET "/students/3" for ::1 at 2020-02-26 22:53:20 -0500
Processing by StudentsController#show as HTML
  Parameters: {"id"=>"3"}
  [1m[36mStudent Load (0.1ms)[0m  [1m[34mSELECT  "students".* FROM "students" WHERE "students"."id" = ? LIMIT ?[0m  [["id", 3], ["LIMIT", 1]]
Redirected to http://localhost:3000/students/3
Completed 302 Found in 1ms (ActiveRecord: 0.1ms)


Started GET "/students/3" for ::1 at 2020-02-26 22:53:20 -0500
Processing by StudentsController#show as HTML
  Parameters: {"id"=>"3"}
  [1m[36mStudent Load (0.1ms)[0m  [1m[34mSELECT  "students".* FROM "students" WHERE "students"."id" = ? LIMIT ?[0m  [["id", 3], ["LIMIT", 1]]
Redirected to http://localhost:3000/students/3
Completed 302 Found in 1ms (ActiveRecord: 0.1ms)


Started GET "/students/3" for ::1 at 2020-02-26 22:53:20 -0500
Processing by StudentsController#show as HTML
  Parameters: {"id"=>"3"}
  [1m[36mStudent Load (0.1ms)[0m  [1m[34mSELECT  "students".* FROM "students" WHERE "students"."id" = ? LIMIT ?[0m  [["id", 3], ["LIMIT", 1]]
Redirected to http://localhost:3000/students/3
Completed 302 Found in 1ms (ActiveRecord: 0.1ms)


Started GET "/students/3" for ::1 at 2020-02-26 22:53:20 -0500
Processing by StudentsController#show as HTML
  Parameters: {"id"=>"3"}
  [1m[36mStudent Load (0.1ms)[0m  [1m[34mSELECT  "students".* FROM "students" WHERE "students"."id" = ? LIMIT ?[0m  [["id", 3], ["LIMIT", 1]]
Redirected to http://localhost:3000/students/3
Completed 302 Found in 1ms (ActiveRecord: 0.1ms)


Started GET "/students/3" for ::1 at 2020-02-26 22:53:20 -0500
Processing by StudentsController#show as HTML
  Parameters: {"id"=>"3"}
  [1m[36mStudent Load (0.1ms)[0m  [1m[34mSELECT  "students".* FROM "students" WHERE "students"."id" = ? LIMIT ?[0m  [["id", 3], ["LIMIT", 1]]
Redirected to http://localhost:3000/students/3
Completed 302 Found in 1ms (ActiveRecord: 0.1ms)


Started GET "/students/3" for ::1 at 2020-02-26 22:53:20 -0500
Processing by StudentsController#show as HTML
  Parameters: {"id"=>"3"}
  [1m[36mStudent Load (0.1ms)[0m  [1m[34mSELECT  "students".* FROM "students" WHERE "students"."id" = ? LIMIT ?[0m  [["id", 3], ["LIMIT", 1]]
Redirected to http://localhost:3000/students/3
Completed 302 Found in 1ms (ActiveRecord: 0.1ms)


Started GET "/students/3" for ::1 at 2020-02-26 22:53:20 -0500
Processing by StudentsController#show as HTML
  Parameters: {"id"=>"3"}
  [1m[36mStudent Load (0.1ms)[0m  [1m[34mSELECT  "students".* FROM "students" WHERE "students"."id" = ? LIMIT ?[0m  [["id", 3], ["LIMIT", 1]]
Redirected to http://localhost:3000/students/3
Completed 302 Found in 1ms (ActiveRecord: 0.1ms)


Started GET "/students/3" for ::1 at 2020-02-26 22:53:20 -0500
Processing by StudentsController#show as HTML
  Parameters: {"id"=>"3"}
  [1m[36mStudent Load (0.1ms)[0m  [1m[34mSELECT  "students".* FROM "students" WHERE "students"."id" = ? LIMIT ?[0m  [["id", 3], ["LIMIT", 1]]
Redirected to http://localhost:3000/students/3
Completed 302 Found in 1ms (ActiveRecord: 0.1ms)


Started GET "/students/3" for ::1 at 2020-02-26 22:53:32 -0500
Processing by StudentsController#show as HTML
  Parameters: {"id"=>"3"}
  [1m[36mStudent Load (0.1ms)[0m  [1m[34mSELECT  "students".* FROM "students" WHERE "students"."id" = ? LIMIT ?[0m  [["id", 3], ["LIMIT", 1]]
Redirected to http://localhost:3000/students/3
Completed 302 Found in 1ms (ActiveRecord: 0.1ms)


Started GET "/students/3" for ::1 at 2020-02-26 22:53:32 -0500
Processing by StudentsController#show as HTML
  Parameters: {"id"=>"3"}
  [1m[36mStudent Load (0.1ms)[0m  [1m[34mSELECT  "students".* FROM "students" WHERE "students"."id" = ? LIMIT ?[0m  [["id", 3], ["LIMIT", 1]]
Redirected to http://localhost:3000/students/3
Completed 302 Found in 1ms (ActiveRecord: 0.1ms)


Started GET "/students/3" for ::1 at 2020-02-26 22:53:32 -0500
Processing by StudentsController#show as HTML
  Parameters: {"id"=>"3"}
  [1m[36mStudent Load (0.1ms)[0m  [1m[34mSELECT  "students".* FROM "students" WHERE "students"."id" = ? LIMIT ?[0m  [["id", 3], ["LIMIT", 1]]
Redirected to http://localhost:3000/students/3
Completed 302 Found in 1ms (ActiveRecord: 0.1ms)


Started GET "/students/3" for ::1 at 2020-02-26 22:53:32 -0500
Processing by StudentsController#show as HTML
  Parameters: {"id"=>"3"}
  [1m[36mStudent Load (0.1ms)[0m  [1m[34mSELECT  "students".* FROM "students" WHERE "students"."id" = ? LIMIT ?[0m  [["id", 3], ["LIMIT", 1]]
Redirected to http://localhost:3000/students/3
Completed 302 Found in 1ms (ActiveRecord: 0.1ms)


Started GET "/students/3" for ::1 at 2020-02-26 22:53:32 -0500
Processing by StudentsController#show as HTML
  Parameters: {"id"=>"3"}
  [1m[36mStudent Load (0.1ms)[0m  [1m[34mSELECT  "students".* FROM "students" WHERE "students"."id" = ? LIMIT ?[0m  [["id", 3], ["LIMIT", 1]]
Redirected to http://localhost:3000/students/3
Completed 302 Found in 1ms (ActiveRecord: 0.1ms)


Started GET "/students/3" for ::1 at 2020-02-26 22:53:32 -0500
Processing by StudentsController#show as HTML
  Parameters: {"id"=>"3"}
  [1m[36mStudent Load (0.1ms)[0m  [1m[34mSELECT  "students".* FROM "students" WHERE "students"."id" = ? LIMIT ?[0m  [["id", 3], ["LIMIT", 1]]
Redirected to http://localhost:3000/students/3
Completed 302 Found in 1ms (ActiveRecord: 0.1ms)


Started GET "/students/3" for ::1 at 2020-02-26 22:53:32 -0500
Processing by StudentsController#show as HTML
  Parameters: {"id"=>"3"}
  [1m[36mStudent Load (0.1ms)[0m  [1m[34mSELECT  "students".* FROM "students" WHERE "students"."id" = ? LIMIT ?[0m  [["id", 3], ["LIMIT", 1]]
Redirected to http://localhost:3000/students/3
Completed 302 Found in 1ms (ActiveRecord: 0.1ms)


Started GET "/students/3" for ::1 at 2020-02-26 22:53:32 -0500
Processing by StudentsController#show as HTML
  Parameters: {"id"=>"3"}
  [1m[36mStudent Load (0.2ms)[0m  [1m[34mSELECT  "students".* FROM "students" WHERE "students"."id" = ? LIMIT ?[0m  [["id", 3], ["LIMIT", 1]]
Redirected to http://localhost:3000/students/3
Completed 302 Found in 1ms (ActiveRecord: 0.2ms)


Started GET "/students/3" for ::1 at 2020-02-26 22:53:32 -0500
Processing by StudentsController#show as HTML
  Parameters: {"id"=>"3"}
  [1m[36mStudent Load (0.1ms)[0m  [1m[34mSELECT  "students".* FROM "students" WHERE "students"."id" = ? LIMIT ?[0m  [["id", 3], ["LIMIT", 1]]
Redirected to http://localhost:3000/students/3
Completed 302 Found in 1ms (ActiveRecord: 0.1ms)


Started GET "/students/3" for ::1 at 2020-02-26 22:53:32 -0500
Processing by StudentsController#show as HTML
  Parameters: {"id"=>"3"}
  [1m[36mStudent Load (0.1ms)[0m  [1m[34mSELECT  "students".* FROM "students" WHERE "students"."id" = ? LIMIT ?[0m  [["id", 3], ["LIMIT", 1]]
Redirected to http://localhost:3000/students/3
Completed 302 Found in 1ms (ActiveRecord: 0.1ms)


Started GET "/students/3" for ::1 at 2020-02-26 22:53:32 -0500
Processing by StudentsController#show as HTML
  Parameters: {"id"=>"3"}
  [1m[36mStudent Load (0.1ms)[0m  [1m[34mSELECT  "students".* FROM "students" WHERE "students"."id" = ? LIMIT ?[0m  [["id", 3], ["LIMIT", 1]]
Redirected to http://localhost:3000/students/3
Completed 302 Found in 1ms (ActiveRecord: 0.1ms)


Started GET "/students/3" for ::1 at 2020-02-26 22:53:32 -0500
Processing by StudentsController#show as HTML
  Parameters: {"id"=>"3"}
  [1m[36mStudent Load (0.1ms)[0m  [1m[34mSELECT  "students".* FROM "students" WHERE "students"."id" = ? LIMIT ?[0m  [["id", 3], ["LIMIT", 1]]
Redirected to http://localhost:3000/students/3
Completed 302 Found in 1ms (ActiveRecord: 0.1ms)


Started GET "/students/3" for ::1 at 2020-02-26 22:53:32 -0500
Processing by StudentsController#show as HTML
  Parameters: {"id"=>"3"}
  [1m[36mStudent Load (0.1ms)[0m  [1m[34mSELECT  "students".* FROM "students" WHERE "students"."id" = ? LIMIT ?[0m  [["id", 3], ["LIMIT", 1]]
Redirected to http://localhost:3000/students/3
Completed 302 Found in 1ms (ActiveRecord: 0.1ms)


Started GET "/students/3" for ::1 at 2020-02-26 22:53:32 -0500
Processing by StudentsController#show as HTML
  Parameters: {"id"=>"3"}
  [1m[36mStudent Load (0.1ms)[0m  [1m[34mSELECT  "students".* FROM "students" WHERE "students"."id" = ? LIMIT ?[0m  [["id", 3], ["LIMIT", 1]]
Redirected to http://localhost:3000/students/3
Completed 302 Found in 1ms (ActiveRecord: 0.1ms)


Started GET "/students/3" for ::1 at 2020-02-26 22:53:32 -0500
Processing by StudentsController#show as HTML
  Parameters: {"id"=>"3"}
  [1m[36mStudent Load (0.1ms)[0m  [1m[34mSELECT  "students".* FROM "students" WHERE "students"."id" = ? LIMIT ?[0m  [["id", 3], ["LIMIT", 1]]
Redirected to http://localhost:3000/students/3
Completed 302 Found in 1ms (ActiveRecord: 0.1ms)


Started GET "/students/3" for ::1 at 2020-02-26 22:53:32 -0500
Processing by StudentsController#show as HTML
  Parameters: {"id"=>"3"}
  [1m[36mStudent Load (0.1ms)[0m  [1m[34mSELECT  "students".* FROM "students" WHERE "students"."id" = ? LIMIT ?[0m  [["id", 3], ["LIMIT", 1]]
Redirected to http://localhost:3000/students/3
Completed 302 Found in 1ms (ActiveRecord: 0.1ms)


Started GET "/students/3" for ::1 at 2020-02-26 22:53:32 -0500
Processing by StudentsController#show as HTML
  Parameters: {"id"=>"3"}
  [1m[36mStudent Load (0.1ms)[0m  [1m[34mSELECT  "students".* FROM "students" WHERE "students"."id" = ? LIMIT ?[0m  [["id", 3], ["LIMIT", 1]]
Redirected to http://localhost:3000/students/3
Completed 302 Found in 1ms (ActiveRecord: 0.1ms)


Started GET "/students/3" for ::1 at 2020-02-26 22:53:32 -0500
Processing by StudentsController#show as HTML
  Parameters: {"id"=>"3"}
  [1m[36mStudent Load (0.1ms)[0m  [1m[34mSELECT  "students".* FROM "students" WHERE "students"."id" = ? LIMIT ?[0m  [["id", 3], ["LIMIT", 1]]
Redirected to http://localhost:3000/students/3
Completed 302 Found in 1ms (ActiveRecord: 0.1ms)


Started GET "/students/3" for ::1 at 2020-02-26 22:53:32 -0500
Processing by StudentsController#show as HTML
  Parameters: {"id"=>"3"}
  [1m[36mStudent Load (0.1ms)[0m  [1m[34mSELECT  "students".* FROM "students" WHERE "students"."id" = ? LIMIT ?[0m  [["id", 3], ["LIMIT", 1]]
Redirected to http://localhost:3000/students/3
Completed 302 Found in 1ms (ActiveRecord: 0.1ms)


Started GET "/students/3" for ::1 at 2020-02-26 22:53:32 -0500
Processing by StudentsController#show as HTML
  Parameters: {"id"=>"3"}
  [1m[36mStudent Load (0.1ms)[0m  [1m[34mSELECT  "students".* FROM "students" WHERE "students"."id" = ? LIMIT ?[0m  [["id", 3], ["LIMIT", 1]]
Redirected to http://localhost:3000/students/3
Completed 302 Found in 1ms (ActiveRecord: 0.1ms)


Started GET "/students/3" for ::1 at 2020-02-26 22:53:59 -0500
Processing by StudentsController#show as HTML
  Parameters: {"id"=>"3"}
  [1m[36mStudent Load (0.1ms)[0m  [1m[34mSELECT  "students".* FROM "students" WHERE "students"."id" = ? LIMIT ?[0m  [["id", 3], ["LIMIT", 1]]
Redirected to http://localhost:3000/students/3
Completed 302 Found in 5ms (ActiveRecord: 0.5ms)


Started GET "/students/3" for ::1 at 2020-02-26 22:53:59 -0500
Processing by StudentsController#show as HTML
  Parameters: {"id"=>"3"}
  [1m[36mStudent Load (0.1ms)[0m  [1m[34mSELECT  "students".* FROM "students" WHERE "students"."id" = ? LIMIT ?[0m  [["id", 3], ["LIMIT", 1]]
Redirected to http://localhost:3000/students/3
Completed 302 Found in 1ms (ActiveRecord: 0.1ms)


Started GET "/students/3" for ::1 at 2020-02-26 22:53:59 -0500
Processing by StudentsController#show as HTML
  Parameters: {"id"=>"3"}
  [1m[36mStudent Load (0.1ms)[0m  [1m[34mSELECT  "students".* FROM "students" WHERE "students"."id" = ? LIMIT ?[0m  [["id", 3], ["LIMIT", 1]]
Redirected to http://localhost:3000/students/3
Completed 302 Found in 1ms (ActiveRecord: 0.1ms)


Started GET "/students/3" for ::1 at 2020-02-26 22:53:59 -0500
Processing by StudentsController#show as HTML
  Parameters: {"id"=>"3"}
  [1m[36mStudent Load (0.1ms)[0m  [1m[34mSELECT  "students".* FROM "students" WHERE "students"."id" = ? LIMIT ?[0m  [["id", 3], ["LIMIT", 1]]
Redirected to http://localhost:3000/students/3
Completed 302 Found in 1ms (ActiveRecord: 0.1ms)


Started GET "/students/3" for ::1 at 2020-02-26 22:53:59 -0500
Processing by StudentsController#show as HTML
  Parameters: {"id"=>"3"}
  [1m[36mStudent Load (0.1ms)[0m  [1m[34mSELECT  "students".* FROM "students" WHERE "students"."id" = ? LIMIT ?[0m  [["id", 3], ["LIMIT", 1]]
Redirected to http://localhost:3000/students/3
Completed 302 Found in 1ms (ActiveRecord: 0.1ms)


Started GET "/students/3" for ::1 at 2020-02-26 22:53:59 -0500
Processing by StudentsController#show as HTML
  Parameters: {"id"=>"3"}
  [1m[36mStudent Load (0.1ms)[0m  [1m[34mSELECT  "students".* FROM "students" WHERE "students"."id" = ? LIMIT ?[0m  [["id", 3], ["LIMIT", 1]]
Redirected to http://localhost:3000/students/3
Completed 302 Found in 1ms (ActiveRecord: 0.1ms)


Started GET "/students/3" for ::1 at 2020-02-26 22:53:59 -0500
Processing by StudentsController#show as HTML
  Parameters: {"id"=>"3"}
  [1m[36mStudent Load (0.1ms)[0m  [1m[34mSELECT  "students".* FROM "students" WHERE "students"."id" = ? LIMIT ?[0m  [["id", 3], ["LIMIT", 1]]
Redirected to http://localhost:3000/students/3
Completed 302 Found in 1ms (ActiveRecord: 0.1ms)


Started GET "/students/3" for ::1 at 2020-02-26 22:53:59 -0500
Processing by StudentsController#show as HTML
  Parameters: {"id"=>"3"}
  [1m[36mStudent Load (0.1ms)[0m  [1m[34mSELECT  "students".* FROM "students" WHERE "students"."id" = ? LIMIT ?[0m  [["id", 3], ["LIMIT", 1]]
Redirected to http://localhost:3000/students/3
Completed 302 Found in 1ms (ActiveRecord: 0.1ms)


Started GET "/students/3" for ::1 at 2020-02-26 22:53:59 -0500
Processing by StudentsController#show as HTML
  Parameters: {"id"=>"3"}
  [1m[36mStudent Load (0.1ms)[0m  [1m[34mSELECT  "students".* FROM "students" WHERE "students"."id" = ? LIMIT ?[0m  [["id", 3], ["LIMIT", 1]]
Redirected to http://localhost:3000/students/3
Completed 302 Found in 1ms (ActiveRecord: 0.1ms)


Started GET "/students/3" for ::1 at 2020-02-26 22:53:59 -0500
Processing by StudentsController#show as HTML
  Parameters: {"id"=>"3"}
  [1m[36mStudent Load (0.1ms)[0m  [1m[34mSELECT  "students".* FROM "students" WHERE "students"."id" = ? LIMIT ?[0m  [["id", 3], ["LIMIT", 1]]
Redirected to http://localhost:3000/students/3
Completed 302 Found in 1ms (ActiveRecord: 0.1ms)


Started GET "/students/3" for ::1 at 2020-02-26 22:53:59 -0500
Processing by StudentsController#show as HTML
  Parameters: {"id"=>"3"}
  [1m[36mStudent Load (0.1ms)[0m  [1m[34mSELECT  "students".* FROM "students" WHERE "students"."id" = ? LIMIT ?[0m  [["id", 3], ["LIMIT", 1]]
Redirected to http://localhost:3000/students/3
Completed 302 Found in 1ms (ActiveRecord: 0.1ms)


Started GET "/students/3" for ::1 at 2020-02-26 22:53:59 -0500
Processing by StudentsController#show as HTML
  Parameters: {"id"=>"3"}
  [1m[36mStudent Load (0.1ms)[0m  [1m[34mSELECT  "students".* FROM "students" WHERE "students"."id" = ? LIMIT ?[0m  [["id", 3], ["LIMIT", 1]]
Redirected to http://localhost:3000/students/3
Completed 302 Found in 1ms (ActiveRecord: 0.1ms)


Started GET "/students/3" for ::1 at 2020-02-26 22:53:59 -0500
Processing by StudentsController#show as HTML
  Parameters: {"id"=>"3"}
  [1m[36mStudent Load (0.1ms)[0m  [1m[34mSELECT  "students".* FROM "students" WHERE "students"."id" = ? LIMIT ?[0m  [["id", 3], ["LIMIT", 1]]
Redirected to http://localhost:3000/students/3
Completed 302 Found in 1ms (ActiveRecord: 0.1ms)


Started GET "/students/3" for ::1 at 2020-02-26 22:53:59 -0500
Processing by StudentsController#show as HTML
  Parameters: {"id"=>"3"}
  [1m[36mStudent Load (0.1ms)[0m  [1m[34mSELECT  "students".* FROM "students" WHERE "students"."id" = ? LIMIT ?[0m  [["id", 3], ["LIMIT", 1]]
Redirected to http://localhost:3000/students/3
Completed 302 Found in 1ms (ActiveRecord: 0.1ms)


Started GET "/students/3" for ::1 at 2020-02-26 22:53:59 -0500
Processing by StudentsController#show as HTML
  Parameters: {"id"=>"3"}
  [1m[36mStudent Load (0.1ms)[0m  [1m[34mSELECT  "students".* FROM "students" WHERE "students"."id" = ? LIMIT ?[0m  [["id", 3], ["LIMIT", 1]]
Redirected to http://localhost:3000/students/3
Completed 302 Found in 1ms (ActiveRecord: 0.1ms)


Started GET "/students/3" for ::1 at 2020-02-26 22:53:59 -0500
Processing by StudentsController#show as HTML
  Parameters: {"id"=>"3"}
  [1m[36mStudent Load (0.1ms)[0m  [1m[34mSELECT  "students".* FROM "students" WHERE "students"."id" = ? LIMIT ?[0m  [["id", 3], ["LIMIT", 1]]
Redirected to http://localhost:3000/students/3
Completed 302 Found in 1ms (ActiveRecord: 0.1ms)


Started GET "/students/3" for ::1 at 2020-02-26 22:53:59 -0500
Processing by StudentsController#show as HTML
  Parameters: {"id"=>"3"}
  [1m[36mStudent Load (0.1ms)[0m  [1m[34mSELECT  "students".* FROM "students" WHERE "students"."id" = ? LIMIT ?[0m  [["id", 3], ["LIMIT", 1]]
Redirected to http://localhost:3000/students/3
Completed 302 Found in 1ms (ActiveRecord: 0.1ms)


Started GET "/students/3" for ::1 at 2020-02-26 22:53:59 -0500
Processing by StudentsController#show as HTML
  Parameters: {"id"=>"3"}
  [1m[36mStudent Load (0.1ms)[0m  [1m[34mSELECT  "students".* FROM "students" WHERE "students"."id" = ? LIMIT ?[0m  [["id", 3], ["LIMIT", 1]]
Redirected to http://localhost:3000/students/3
Completed 302 Found in 1ms (ActiveRecord: 0.1ms)


Started GET "/students/3" for ::1 at 2020-02-26 22:53:59 -0500
Processing by StudentsController#show as HTML
  Parameters: {"id"=>"3"}
  [1m[36mStudent Load (0.1ms)[0m  [1m[34mSELECT  "students".* FROM "students" WHERE "students"."id" = ? LIMIT ?[0m  [["id", 3], ["LIMIT", 1]]
Redirected to http://localhost:3000/students/3
Completed 302 Found in 1ms (ActiveRecord: 0.1ms)


Started GET "/students/3" for ::1 at 2020-02-26 22:53:59 -0500
Processing by StudentsController#show as HTML
  Parameters: {"id"=>"3"}
  [1m[36mStudent Load (0.1ms)[0m  [1m[34mSELECT  "students".* FROM "students" WHERE "students"."id" = ? LIMIT ?[0m  [["id", 3], ["LIMIT", 1]]
Redirected to http://localhost:3000/students/3
Completed 302 Found in 1ms (ActiveRecord: 0.1ms)


Started GET "/students/3" for ::1 at 2020-02-26 22:55:04 -0500
Processing by StudentsController#show as HTML
  Parameters: {"id"=>"3"}
  [1m[36mStudent Load (0.1ms)[0m  [1m[34mSELECT  "students".* FROM "students" WHERE "students"."id" = ? LIMIT ?[0m  [["id", 3], ["LIMIT", 1]]
Redirected to http://localhost:3000/students/3
Completed 302 Found in 6ms (ActiveRecord: 0.5ms)


Started GET "/students/3" for ::1 at 2020-02-26 22:55:04 -0500
Processing by StudentsController#show as HTML
  Parameters: {"id"=>"3"}
  [1m[36mStudent Load (0.1ms)[0m  [1m[34mSELECT  "students".* FROM "students" WHERE "students"."id" = ? LIMIT ?[0m  [["id", 3], ["LIMIT", 1]]
Redirected to http://localhost:3000/students/3
Completed 302 Found in 1ms (ActiveRecord: 0.1ms)


Started GET "/students/3" for ::1 at 2020-02-26 22:55:04 -0500
Processing by StudentsController#show as HTML
  Parameters: {"id"=>"3"}
  [1m[36mStudent Load (0.1ms)[0m  [1m[34mSELECT  "students".* FROM "students" WHERE "students"."id" = ? LIMIT ?[0m  [["id", 3], ["LIMIT", 1]]
Redirected to http://localhost:3000/students/3
Completed 302 Found in 1ms (ActiveRecord: 0.1ms)


Started GET "/students/3" for ::1 at 2020-02-26 22:55:04 -0500
Processing by StudentsController#show as HTML
  Parameters: {"id"=>"3"}
  [1m[36mStudent Load (0.1ms)[0m  [1m[34mSELECT  "students".* FROM "students" WHERE "students"."id" = ? LIMIT ?[0m  [["id", 3], ["LIMIT", 1]]
Redirected to http://localhost:3000/students/3
Completed 302 Found in 1ms (ActiveRecord: 0.1ms)


Started GET "/students/3" for ::1 at 2020-02-26 22:55:04 -0500
Processing by StudentsController#show as HTML
  Parameters: {"id"=>"3"}
  [1m[36mStudent Load (0.1ms)[0m  [1m[34mSELECT  "students".* FROM "students" WHERE "students"."id" = ? LIMIT ?[0m  [["id", 3], ["LIMIT", 1]]
Redirected to http://localhost:3000/students/3
Completed 302 Found in 1ms (ActiveRecord: 0.1ms)


Started GET "/students/3" for ::1 at 2020-02-26 22:55:04 -0500
Processing by StudentsController#show as HTML
  Parameters: {"id"=>"3"}
  [1m[36mStudent Load (0.1ms)[0m  [1m[34mSELECT  "students".* FROM "students" WHERE "students"."id" = ? LIMIT ?[0m  [["id", 3], ["LIMIT", 1]]
Redirected to http://localhost:3000/students/3
Completed 302 Found in 1ms (ActiveRecord: 0.1ms)


Started GET "/students/3" for ::1 at 2020-02-26 22:55:04 -0500
Processing by StudentsController#show as HTML
  Parameters: {"id"=>"3"}
  [1m[36mStudent Load (0.1ms)[0m  [1m[34mSELECT  "students".* FROM "students" WHERE "students"."id" = ? LIMIT ?[0m  [["id", 3], ["LIMIT", 1]]
Redirected to http://localhost:3000/students/3
Completed 302 Found in 1ms (ActiveRecord: 0.1ms)


Started GET "/students/3" for ::1 at 2020-02-26 22:55:04 -0500
Processing by StudentsController#show as HTML
  Parameters: {"id"=>"3"}
  [1m[36mStudent Load (0.1ms)[0m  [1m[34mSELECT  "students".* FROM "students" WHERE "students"."id" = ? LIMIT ?[0m  [["id", 3], ["LIMIT", 1]]
Redirected to http://localhost:3000/students/3
Completed 302 Found in 1ms (ActiveRecord: 0.1ms)


Started GET "/students/3" for ::1 at 2020-02-26 22:55:04 -0500
Processing by StudentsController#show as HTML
  Parameters: {"id"=>"3"}
  [1m[36mStudent Load (0.1ms)[0m  [1m[34mSELECT  "students".* FROM "students" WHERE "students"."id" = ? LIMIT ?[0m  [["id", 3], ["LIMIT", 1]]
Redirected to http://localhost:3000/students/3
Completed 302 Found in 1ms (ActiveRecord: 0.1ms)


Started GET "/students/3" for ::1 at 2020-02-26 22:55:04 -0500
Processing by StudentsController#show as HTML
  Parameters: {"id"=>"3"}
  [1m[36mStudent Load (0.1ms)[0m  [1m[34mSELECT  "students".* FROM "students" WHERE "students"."id" = ? LIMIT ?[0m  [["id", 3], ["LIMIT", 1]]
Redirected to http://localhost:3000/students/3
Completed 302 Found in 1ms (ActiveRecord: 0.1ms)


Started GET "/students/3" for ::1 at 2020-02-26 22:55:04 -0500
Processing by StudentsController#show as HTML
  Parameters: {"id"=>"3"}
  [1m[36mStudent Load (0.1ms)[0m  [1m[34mSELECT  "students".* FROM "students" WHERE "students"."id" = ? LIMIT ?[0m  [["id", 3], ["LIMIT", 1]]
Redirected to http://localhost:3000/students/3
Completed 302 Found in 1ms (ActiveRecord: 0.1ms)


Started GET "/students/3" for ::1 at 2020-02-26 22:55:04 -0500
Processing by StudentsController#show as HTML
  Parameters: {"id"=>"3"}
  [1m[36mStudent Load (0.1ms)[0m  [1m[34mSELECT  "students".* FROM "students" WHERE "students"."id" = ? LIMIT ?[0m  [["id", 3], ["LIMIT", 1]]
Redirected to http://localhost:3000/students/3
Completed 302 Found in 1ms (ActiveRecord: 0.1ms)


Started GET "/students/3" for ::1 at 2020-02-26 22:55:04 -0500
Processing by StudentsController#show as HTML
  Parameters: {"id"=>"3"}
  [1m[36mStudent Load (0.1ms)[0m  [1m[34mSELECT  "students".* FROM "students" WHERE "students"."id" = ? LIMIT ?[0m  [["id", 3], ["LIMIT", 1]]
Redirected to http://localhost:3000/students/3
Completed 302 Found in 1ms (ActiveRecord: 0.1ms)


Started GET "/students/3" for ::1 at 2020-02-26 22:55:04 -0500
Processing by StudentsController#show as HTML
  Parameters: {"id"=>"3"}
  [1m[36mStudent Load (0.1ms)[0m  [1m[34mSELECT  "students".* FROM "students" WHERE "students"."id" = ? LIMIT ?[0m  [["id", 3], ["LIMIT", 1]]
Redirected to http://localhost:3000/students/3
Completed 302 Found in 1ms (ActiveRecord: 0.1ms)


Started GET "/students/3" for ::1 at 2020-02-26 22:55:04 -0500
Processing by StudentsController#show as HTML
  Parameters: {"id"=>"3"}
  [1m[36mStudent Load (0.1ms)[0m  [1m[34mSELECT  "students".* FROM "students" WHERE "students"."id" = ? LIMIT ?[0m  [["id", 3], ["LIMIT", 1]]
Redirected to http://localhost:3000/students/3
Completed 302 Found in 1ms (ActiveRecord: 0.1ms)


Started GET "/students/3" for ::1 at 2020-02-26 22:55:04 -0500
Processing by StudentsController#show as HTML
  Parameters: {"id"=>"3"}
  [1m[36mStudent Load (0.1ms)[0m  [1m[34mSELECT  "students".* FROM "students" WHERE "students"."id" = ? LIMIT ?[0m  [["id", 3], ["LIMIT", 1]]
Redirected to http://localhost:3000/students/3
Completed 302 Found in 1ms (ActiveRecord: 0.1ms)


Started GET "/students/3" for ::1 at 2020-02-26 22:55:04 -0500
Processing by StudentsController#show as HTML
  Parameters: {"id"=>"3"}
  [1m[36mStudent Load (0.1ms)[0m  [1m[34mSELECT  "students".* FROM "students" WHERE "students"."id" = ? LIMIT ?[0m  [["id", 3], ["LIMIT", 1]]
Redirected to http://localhost:3000/students/3
Completed 302 Found in 1ms (ActiveRecord: 0.1ms)


Started GET "/students/3" for ::1 at 2020-02-26 22:55:04 -0500
Processing by StudentsController#show as HTML
  Parameters: {"id"=>"3"}
  [1m[36mStudent Load (0.1ms)[0m  [1m[34mSELECT  "students".* FROM "students" WHERE "students"."id" = ? LIMIT ?[0m  [["id", 3], ["LIMIT", 1]]
Redirected to http://localhost:3000/students/3
Completed 302 Found in 1ms (ActiveRecord: 0.1ms)


Started GET "/students/3" for ::1 at 2020-02-26 22:55:04 -0500
Processing by StudentsController#show as HTML
  Parameters: {"id"=>"3"}
  [1m[36mStudent Load (0.1ms)[0m  [1m[34mSELECT  "students".* FROM "students" WHERE "students"."id" = ? LIMIT ?[0m  [["id", 3], ["LIMIT", 1]]
Redirected to http://localhost:3000/students/3
Completed 302 Found in 1ms (ActiveRecord: 0.1ms)


Started GET "/students/3" for ::1 at 2020-02-26 22:55:04 -0500
Processing by StudentsController#show as HTML
  Parameters: {"id"=>"3"}
  [1m[36mStudent Load (0.1ms)[0m  [1m[34mSELECT  "students".* FROM "students" WHERE "students"."id" = ? LIMIT ?[0m  [["id", 3], ["LIMIT", 1]]
Redirected to http://localhost:3000/students/3
Completed 302 Found in 1ms (ActiveRecord: 0.1ms)


Started GET "/students/3" for ::1 at 2020-02-26 22:55:27 -0500
Processing by StudentsController#show as HTML
  Parameters: {"id"=>"3"}
  [1m[36mStudent Load (0.1ms)[0m  [1m[34mSELECT  "students".* FROM "students" WHERE "students"."id" = ? LIMIT ?[0m  [["id", 3], ["LIMIT", 1]]
Redirected to http://localhost:3000/students/3
Completed 302 Found in 5ms (ActiveRecord: 0.5ms)


Started GET "/students/3" for ::1 at 2020-02-26 22:55:27 -0500
Processing by StudentsController#show as HTML
  Parameters: {"id"=>"3"}
  [1m[36mStudent Load (0.1ms)[0m  [1m[34mSELECT  "students".* FROM "students" WHERE "students"."id" = ? LIMIT ?[0m  [["id", 3], ["LIMIT", 1]]
Redirected to http://localhost:3000/students/3
Completed 302 Found in 1ms (ActiveRecord: 0.1ms)


Started GET "/students/3" for ::1 at 2020-02-26 22:55:27 -0500
Processing by StudentsController#show as HTML
  Parameters: {"id"=>"3"}
  [1m[36mStudent Load (0.1ms)[0m  [1m[34mSELECT  "students".* FROM "students" WHERE "students"."id" = ? LIMIT ?[0m  [["id", 3], ["LIMIT", 1]]
Redirected to http://localhost:3000/students/3
Completed 302 Found in 1ms (ActiveRecord: 0.1ms)


Started GET "/students/3" for ::1 at 2020-02-26 22:55:27 -0500
Processing by StudentsController#show as HTML
  Parameters: {"id"=>"3"}
  [1m[36mStudent Load (0.1ms)[0m  [1m[34mSELECT  "students".* FROM "students" WHERE "students"."id" = ? LIMIT ?[0m  [["id", 3], ["LIMIT", 1]]
Redirected to http://localhost:3000/students/3
Completed 302 Found in 1ms (ActiveRecord: 0.1ms)


Started GET "/students/3" for ::1 at 2020-02-26 22:55:27 -0500
Processing by StudentsController#show as HTML
  Parameters: {"id"=>"3"}
  [1m[36mStudent Load (0.1ms)[0m  [1m[34mSELECT  "students".* FROM "students" WHERE "students"."id" = ? LIMIT ?[0m  [["id", 3], ["LIMIT", 1]]
Redirected to http://localhost:3000/students/3
Completed 302 Found in 1ms (ActiveRecord: 0.1ms)


Started GET "/students/3" for ::1 at 2020-02-26 22:55:27 -0500
Processing by StudentsController#show as HTML
  Parameters: {"id"=>"3"}
  [1m[36mStudent Load (0.1ms)[0m  [1m[34mSELECT  "students".* FROM "students" WHERE "students"."id" = ? LIMIT ?[0m  [["id", 3], ["LIMIT", 1]]
Redirected to http://localhost:3000/students/3
Completed 302 Found in 1ms (ActiveRecord: 0.1ms)


Started GET "/students/3" for ::1 at 2020-02-26 22:55:27 -0500
Processing by StudentsController#show as HTML
  Parameters: {"id"=>"3"}
  [1m[36mStudent Load (0.1ms)[0m  [1m[34mSELECT  "students".* FROM "students" WHERE "students"."id" = ? LIMIT ?[0m  [["id", 3], ["LIMIT", 1]]
Redirected to http://localhost:3000/students/3
Completed 302 Found in 1ms (ActiveRecord: 0.1ms)


Started GET "/students/3" for ::1 at 2020-02-26 22:55:27 -0500
Processing by StudentsController#show as HTML
  Parameters: {"id"=>"3"}
  [1m[36mStudent Load (0.1ms)[0m  [1m[34mSELECT  "students".* FROM "students" WHERE "students"."id" = ? LIMIT ?[0m  [["id", 3], ["LIMIT", 1]]
Redirected to http://localhost:3000/students/3
Completed 302 Found in 1ms (ActiveRecord: 0.1ms)


Started GET "/students/3" for ::1 at 2020-02-26 22:55:27 -0500
Processing by StudentsController#show as HTML
  Parameters: {"id"=>"3"}
  [1m[36mStudent Load (0.1ms)[0m  [1m[34mSELECT  "students".* FROM "students" WHERE "students"."id" = ? LIMIT ?[0m  [["id", 3], ["LIMIT", 1]]
Redirected to http://localhost:3000/students/3
Completed 302 Found in 1ms (ActiveRecord: 0.1ms)


Started GET "/students/3" for ::1 at 2020-02-26 22:55:27 -0500
Processing by StudentsController#show as HTML
  Parameters: {"id"=>"3"}
  [1m[36mStudent Load (0.1ms)[0m  [1m[34mSELECT  "students".* FROM "students" WHERE "students"."id" = ? LIMIT ?[0m  [["id", 3], ["LIMIT", 1]]
Redirected to http://localhost:3000/students/3
Completed 302 Found in 1ms (ActiveRecord: 0.1ms)


Started GET "/students/3" for ::1 at 2020-02-26 22:55:27 -0500
Processing by StudentsController#show as HTML
  Parameters: {"id"=>"3"}
  [1m[36mStudent Load (0.1ms)[0m  [1m[34mSELECT  "students".* FROM "students" WHERE "students"."id" = ? LIMIT ?[0m  [["id", 3], ["LIMIT", 1]]
Redirected to http://localhost:3000/students/3
Completed 302 Found in 1ms (ActiveRecord: 0.1ms)


Started GET "/students/3" for ::1 at 2020-02-26 22:55:27 -0500
Processing by StudentsController#show as HTML
  Parameters: {"id"=>"3"}
  [1m[36mStudent Load (0.1ms)[0m  [1m[34mSELECT  "students".* FROM "students" WHERE "students"."id" = ? LIMIT ?[0m  [["id", 3], ["LIMIT", 1]]
Redirected to http://localhost:3000/students/3
Completed 302 Found in 1ms (ActiveRecord: 0.1ms)


Started GET "/students/3" for ::1 at 2020-02-26 22:55:27 -0500
Processing by StudentsController#show as HTML
  Parameters: {"id"=>"3"}
  [1m[36mStudent Load (0.1ms)[0m  [1m[34mSELECT  "students".* FROM "students" WHERE "students"."id" = ? LIMIT ?[0m  [["id", 3], ["LIMIT", 1]]
Redirected to http://localhost:3000/students/3
Completed 302 Found in 1ms (ActiveRecord: 0.1ms)


Started GET "/students/3" for ::1 at 2020-02-26 22:55:27 -0500
Processing by StudentsController#show as HTML
  Parameters: {"id"=>"3"}
  [1m[36mStudent Load (0.1ms)[0m  [1m[34mSELECT  "students".* FROM "students" WHERE "students"."id" = ? LIMIT ?[0m  [["id", 3], ["LIMIT", 1]]
Redirected to http://localhost:3000/students/3
Completed 302 Found in 1ms (ActiveRecord: 0.1ms)


Started GET "/students/3" for ::1 at 2020-02-26 22:55:27 -0500
Processing by StudentsController#show as HTML
  Parameters: {"id"=>"3"}
  [1m[36mStudent Load (0.1ms)[0m  [1m[34mSELECT  "students".* FROM "students" WHERE "students"."id" = ? LIMIT ?[0m  [["id", 3], ["LIMIT", 1]]
Redirected to http://localhost:3000/students/3
Completed 302 Found in 1ms (ActiveRecord: 0.1ms)


Started GET "/students/3" for ::1 at 2020-02-26 22:55:27 -0500
Processing by StudentsController#show as HTML
  Parameters: {"id"=>"3"}
  [1m[36mStudent Load (0.1ms)[0m  [1m[34mSELECT  "students".* FROM "students" WHERE "students"."id" = ? LIMIT ?[0m  [["id", 3], ["LIMIT", 1]]
Redirected to http://localhost:3000/students/3
Completed 302 Found in 1ms (ActiveRecord: 0.1ms)


Started GET "/students/3" for ::1 at 2020-02-26 22:55:27 -0500
Processing by StudentsController#show as HTML
  Parameters: {"id"=>"3"}
  [1m[36mStudent Load (0.1ms)[0m  [1m[34mSELECT  "students".* FROM "students" WHERE "students"."id" = ? LIMIT ?[0m  [["id", 3], ["LIMIT", 1]]
Redirected to http://localhost:3000/students/3
Completed 302 Found in 1ms (ActiveRecord: 0.1ms)


Started GET "/students/3" for ::1 at 2020-02-26 22:55:27 -0500
Processing by StudentsController#show as HTML
  Parameters: {"id"=>"3"}
  [1m[36mStudent Load (0.1ms)[0m  [1m[34mSELECT  "students".* FROM "students" WHERE "students"."id" = ? LIMIT ?[0m  [["id", 3], ["LIMIT", 1]]
Redirected to http://localhost:3000/students/3
Completed 302 Found in 1ms (ActiveRecord: 0.1ms)


Started GET "/students/3" for ::1 at 2020-02-26 22:55:27 -0500
Processing by StudentsController#show as HTML
  Parameters: {"id"=>"3"}
  [1m[36mStudent Load (0.1ms)[0m  [1m[34mSELECT  "students".* FROM "students" WHERE "students"."id" = ? LIMIT ?[0m  [["id", 3], ["LIMIT", 1]]
Redirected to http://localhost:3000/students/3
Completed 302 Found in 1ms (ActiveRecord: 0.1ms)


Started GET "/students/3" for ::1 at 2020-02-26 22:55:27 -0500
Processing by StudentsController#show as HTML
  Parameters: {"id"=>"3"}
  [1m[36mStudent Load (0.1ms)[0m  [1m[34mSELECT  "students".* FROM "students" WHERE "students"."id" = ? LIMIT ?[0m  [["id", 3], ["LIMIT", 1]]
Redirected to http://localhost:3000/students/3
Completed 302 Found in 1ms (ActiveRecord: 0.1ms)


Started GET "/students/3" for ::1 at 2020-02-26 22:55:56 -0500
Processing by StudentsController#show as HTML
  Parameters: {"id"=>"3"}
  [1m[36mStudent Load (0.1ms)[0m  [1m[34mSELECT  "students".* FROM "students" WHERE "students"."id" = ? LIMIT ?[0m  [["id", 3], ["LIMIT", 1]]
  Rendering students/show.html.erb within layouts/application
  Rendered students/show.html.erb within layouts/application (0.3ms)
Completed 200 OK in 17ms (Views: 12.3ms | ActiveRecord: 0.5ms)


